app/admin/emails/[id]/page.tsx(68,21): error TS2698: Spread types may only be created from object types.
app/admin/emails/[id]/page.tsx(69,51): error TS2339: Property 'variables' does not exist on type 'never'.
app/admin/emails/[id]/page.tsx(69,69): error TS2339: Property 'variables' does not exist on type 'never'.
app/admin/emails/[id]/page.tsx(100,22): error TS2769: No overload matches this call.
  Overload 1 of 2, '(values: never, options?: { count?: "exact" | "planned" | "estimated" | undefined; } | undefined): PostgrestFilterBuilder<{ PostgrestVersion: "12"; }, never, never, null, "email_templates", never, "POST">', gave the following error.
    Argument of type '{ name: string; slug: string; category: string; trigger_key: string | null; subject: string; body: string; variables: string[]; is_active: boolean; updated_at: string; }[]' is not assignable to parameter of type 'never'.
  Overload 2 of 2, '(values: never[], options?: { count?: "exact" | "planned" | "estimated" | undefined; defaultToNull?: boolean | undefined; } | undefined): PostgrestFilterBuilder<{ PostgrestVersion: "12"; }, never, never, null, "email_templates", never, "POST">', gave the following error.
    Type '{ name: string; slug: string; category: string; trigger_key: string | null; subject: string; body: string; variables: string[]; is_active: boolean; updated_at: string; }' is not assignable to type 'never'.
app/admin/emails/[id]/page.tsx(106,29): error TS2345: Argument of type '{ name: string; slug: string; category: string; trigger_key: string | null; subject: string; body: string; variables: string[]; is_active: boolean; updated_at: string; }' is not assignable to parameter of type 'never'.
app/admin/moderation/page.tsx(47,22): error TS2339: Property 'role' does not exist on type 'never'.
app/admin/notifications/page.tsx(50,23): error TS2339: Property 'id' does not exist on type 'never'.
app/admin/notifications/page.tsx(57,69): error TS2769: No overload matches this call.
  Overload 1 of 2, '(values: never, options?: { count?: "exact" | "planned" | "estimated" | undefined; } | undefined): PostgrestFilterBuilder<{ PostgrestVersion: "12"; }, never, never, null, "notifications", never, "POST">', gave the following error.
    Argument of type '{ user_id: any; title: string; content: string; type: string; read: boolean; }[]' is not assignable to parameter of type 'never'.
  Overload 2 of 2, '(values: never[], options?: { count?: "exact" | "planned" | "estimated" | undefined; defaultToNull?: boolean | undefined; } | undefined): PostgrestFilterBuilder<{ PostgrestVersion: "12"; }, never, never, null, "notifications", never, "POST">', gave the following error.
    Argument of type '{ user_id: any; title: string; content: string; type: string; read: boolean; }[]' is not assignable to parameter of type 'never[]'.
      Type '{ user_id: any; title: string; content: string; type: string; read: boolean; }' is not assignable to type 'never'.
app/admin/page.tsx(27,77): error TS2322: Type 'string | null | undefined' is not assignable to type 'string | number | Date'.
  Type 'undefined' is not assignable to type 'string | number | Date'.
app/admin/plans/page.tsx(62,21): error TS2345: Argument of type '{ updated_at: string; id?: string | undefined; plan_tier?: string | undefined; user_type?: "provider" | "client" | "both" | undefined; contact_views_limit?: number | undefined; proposals_limit?: number | undefined; ... 7 more ...; currency?: string | undefined; }' is not assignable to parameter of type 'never'.
app/admin/settings/page.tsx(77,13): error TS2345: Argument of type 'string | null' is not assignable to parameter of type 'string'.
  Type 'null' is not assignable to type 'string'.
app/admin/users/[id]/edit/page.tsx(65,25): error TS2339: Property 'full_name' does not exist on type 'never'.
app/admin/users/[id]/edit/page.tsx(66,21): error TS2339: Property 'email' does not exist on type 'never'.
app/admin/users/[id]/edit/page.tsx(67,21): error TS2339: Property 'phone' does not exist on type 'never'.
app/admin/users/[id]/edit/page.tsx(68,23): error TS2339: Property 'address' does not exist on type 'never'.
app/admin/users/[id]/edit/page.tsx(69,19): error TS2339: Property 'bio' does not exist on type 'never'.
app/admin/users/[id]/edit/page.tsx(70,20): error TS2339: Property 'role' does not exist on type 'never'.
app/admin/users/[id]/edit/page.tsx(71,20): error TS2339: Property 'plan' does not exist on type 'never'.
app/admin/users/[id]/edit/page.tsx(72,30): error TS2339: Property 'responses_used' does not exist on type 'never'.
app/admin/users/[id]/edit/page.tsx(92,17): error TS2345: Argument of type '{ full_name: string; phone: string; address: string; bio: string; role: any; plan: any; responses_used: number; updated_at: string; }' is not assignable to parameter of type 'never'.
app/admin/users/[id]/edit/page.tsx(282,38): error TS2339: Property 'created_at' does not exist on type '{ id: string; is_provider: boolean | null; provider_status: string | null; provider_bio: string | null; provider_website: string | null; provider_phone: string | null; provider_experience_years: number | null; ... 13 more ...; role: string | null; }'.
app/admin/users/[id]/page.tsx(181,54): error TS2339: Property 'permissions' does not exist on type '{ id: string; is_provider: boolean | null; provider_status: string | null; provider_bio: string | null; provider_website: string | null; provider_phone: string | null; provider_experience_years: number | null; ... 13 more ...; role: string | null; }'.
app/admin/users/[id]/page.tsx(186,60): error TS2339: Property 'plan' does not exist on type '{ id: string; is_provider: boolean | null; provider_status: string | null; provider_bio: string | null; provider_website: string | null; provider_phone: string | null; provider_experience_years: number | null; ... 13 more ...; role: string | null; }'.
app/admin/users/[id]/page.tsx(186,83): error TS2339: Property 'plan' does not exist on type '{ id: string; is_provider: boolean | null; provider_status: string | null; provider_bio: string | null; provider_website: string | null; provider_phone: string | null; provider_experience_years: number | null; ... 13 more ...; role: string | null; }'.
app/admin/users/[id]/page.tsx(195,31): error TS2339: Property 'permissions' does not exist on type '{ id: string; is_provider: boolean | null; provider_status: string | null; provider_bio: string | null; provider_website: string | null; provider_phone: string | null; provider_experience_years: number | null; ... 13 more ...; role: string | null; }'.
app/admin/users/[id]/page.tsx(196,32): error TS2339: Property 'permissions' does not exist on type '{ id: string; is_provider: boolean | null; provider_status: string | null; provider_bio: string | null; provider_website: string | null; provider_phone: string | null; provider_experience_years: number | null; ... 13 more ...; role: string | null; }'.
app/admin/users/[id]/page.tsx(214,36): error TS2339: Property 'created_at' does not exist on type '{ id: string; is_provider: boolean | null; provider_status: string | null; provider_bio: string | null; provider_website: string | null; provider_phone: string | null; provider_experience_years: number | null; ... 13 more ...; role: string | null; }'.
app/admin/users/[id]/page.tsx(221,27): error TS2339: Property 'responses_used' does not exist on type '{ id: string; is_provider: boolean | null; provider_status: string | null; provider_bio: string | null; provider_website: string | null; provider_phone: string | null; provider_experience_years: number | null; ... 13 more ...; role: string | null; }'.
app/admin/users/[id]/page.tsx(327,25): error TS2339: Property 'plan' does not exist on type '{ id: string; is_provider: boolean | null; provider_status: string | null; provider_bio: string | null; provider_website: string | null; provider_phone: string | null; provider_experience_years: number | null; ... 13 more ...; role: string | null; }'.
app/admin/users/[id]/page.tsx(327,77): error TS2339: Property 'responses_used' does not exist on type '{ id: string; is_provider: boolean | null; provider_status: string | null; provider_bio: string | null; provider_website: string | null; provider_phone: string | null; provider_experience_years: number | null; ... 13 more ...; role: string | null; }'.
app/api/admin/diag/route.ts(28,28): error TS2339: Property 'role' does not exist on type 'never'.
app/api/admin/finance/payments/route.ts(61,58): error TS7006: Parameter 'pi' implicitly has an 'any' type.
app/api/admin/finance/payments/route.ts(74,53): error TS7006: Parameter 'inv' implicitly has an 'any' type.
app/api/admin/finance/plans/route.ts(54,45): error TS2339: Property 'plan_tier' does not exist on type 'never'.
app/api/admin/finance/plans/route.ts(59,27): error TS2339: Property 'reset_period' does not exist on type 'never'.
app/api/admin/finance/plans/route.ts(79,39): error TS2339: Property 'plan_tier' does not exist on type 'never'.
app/api/admin/finance/plans/route.ts(80,29): error TS2339: Property 'plan_tier' does not exist on type 'never'.
app/api/admin/finance/plans/route.ts(80,67): error TS2339: Property 'plan_tier' does not exist on type 'never'.
app/api/admin/finance/plans/route.ts(82,32): error TS2339: Property 'price' does not exist on type 'never'.
app/api/admin/finance/plans/route.ts(86,52): error TS2339: Property 'updated_at' does not exist on type 'never'.
app/api/admin/finance/plans/route.ts(88,34): error TS2339: Property 'plan_tier' does not exist on type 'never'.
app/api/admin/finance/plans/route.ts(148,44): error TS2769: No overload matches this call.
  Overload 1 of 2, '(values: never, options?: { onConflict?: string | undefined; ignoreDuplicates?: boolean | undefined; count?: "exact" | "planned" | "estimated" | undefined; } | undefined): PostgrestFilterBuilder<{ ...; }, ... 5 more ..., "POST">', gave the following error.
    Argument of type '{ plan_tier: any; contact_views_limit: number; proposals_limit: number; gig_responses_limit: number; reset_period: string; updated_at: string; }' is not assignable to parameter of type 'never'.
  Overload 2 of 2, '(values: never[], options?: { onConflict?: string | undefined; ignoreDuplicates?: boolean | undefined; count?: "exact" | "planned" | "estimated" | undefined; defaultToNull?: boolean | undefined; } | undefined): PostgrestFilterBuilder<...>', gave the following error.
    Object literal may only specify known properties, and 'plan_tier' does not exist in type 'never[]'.
app/api/admin/finance/subscriptions/route.ts(14,91): error TS2345: Argument of type 'string | undefined' is not assignable to parameter of type '{}'.
  Type 'undefined' is not assignable to type '{}'.
app/api/admin/finance/subscriptions/route.ts(15,22): error TS2339: Property 'role' does not exist on type 'never'.
app/api/admin/finance/subscriptions/route.ts(47,68): error TS2339: Property 'user_id' does not exist on type 'never'.
app/api/admin/finance/subscriptions/route.ts(50,44): error TS2339: Property 'id' does not exist on type 'never'.
app/api/admin/finance/subscriptions/route.ts(52,33): error TS2339: Property 'id' does not exist on type 'never'.
app/api/admin/finance/subscriptions/route.ts(53,28): error TS2339: Property 'id' does not exist on type 'never'.
app/api/admin/finance/subscriptions/route.ts(57,30): error TS2339: Property 'email' does not exist on type 'never'.
app/api/admin/finance/subscriptions/route.ts(58,29): error TS2339: Property 'full_name' does not exist on type 'never'.
app/api/admin/finance/subscriptions/route.ts(63,41): error TS2339: Property 'plan' does not exist on type 'never'.
app/api/admin/finance/subscriptions/route.ts(63,74): error TS2339: Property 'plan' does not exist on type 'never'.
app/api/admin/finance/subscriptions/route.ts(64,35): error TS2339: Property 'plan' does not exist on type 'never'.
app/api/admin/finance/subscriptions/route.ts(107,91): error TS2345: Argument of type 'string | undefined' is not assignable to parameter of type '{}'.
  Type 'undefined' is not assignable to type '{}'.
app/api/admin/finance/subscriptions/route.ts(108,22): error TS2339: Property 'role' does not exist on type 'never'.
app/api/admin/settings/route.ts(47,51): error TS2339: Property 'config' does not exist on type 'never'.
app/api/admin/settings/route.ts(78,14): error TS2769: No overload matches this call.
  Overload 1 of 2, '(values: never, options?: { onConflict?: string | undefined; ignoreDuplicates?: boolean | undefined; count?: "exact" | "planned" | "estimated" | undefined; } | undefined): PostgrestFilterBuilder<{ ...; }, ... 5 more ..., "POST">', gave the following error.
    Argument of type '{ service_name: string; config: any; updated_at: string; }' is not assignable to parameter of type 'never'.
  Overload 2 of 2, '(values: never[], options?: { onConflict?: string | undefined; ignoreDuplicates?: boolean | undefined; count?: "exact" | "planned" | "estimated" | undefined; defaultToNull?: boolean | undefined; } | undefined): PostgrestFilterBuilder<...>', gave the following error.
    Object literal may only specify known properties, and 'service_name' does not exist in type 'never[]'.
app/api/ai/emergency-chat/route.ts(32,36): error TS2339: Property 'id' does not exist on type 'never'.
app/api/ai/emergency-chat/route.ts(32,52): error TS2339: Property 'name' does not exist on type 'never'.
app/api/auth/confirm/route.ts(38,21): error TS2345: Argument of type '{ email_verified: boolean; }' is not assignable to parameter of type 'never'.
app/api/auth/confirm/route.ts(51,32): error TS2339: Property 'full_name' does not exist on type 'never'.
app/api/cron/verification-retry/route.ts(36,49): error TS2339: Property 'verification_attempts' does not exist on type 'never'.
app/api/cron/verification-retry/route.ts(40,74): error TS2339: Property 'email' does not exist on type 'never'.
app/api/cron/verification-retry/route.ts(43,106): error TS2345: Argument of type '{ type: "signup"; email: any; options: { redirectTo: string; }; }' is not assignable to parameter of type 'GenerateLinkParams'.
  Property 'password' is missing in type '{ type: "signup"; email: any; options: { redirectTo: string; }; }' but required in type 'GenerateSignupLinkParams'.
app/api/cron/verification-retry/route.ts(45,40): error TS2339: Property 'email' does not exist on type 'never'.
app/api/cron/verification-retry/route.ts(52,78): error TS2339: Property 'email' does not exist on type 'never'.
app/api/cron/verification-retry/route.ts(57,60): error TS2339: Property 'id' does not exist on type 'never'.
app/api/cron/verification-retry/route.ts(61,41): error TS2339: Property 'id' does not exist on type 'never'.
app/api/cron/verification-retry/route.ts(62,43): error TS2339: Property 'full_name' does not exist on type 'never'.
app/api/cron/verification-retry/route.ts(62,68): error TS2339: Property 'email' does not exist on type 'never'.
app/api/cron/verification-retry/route.ts(63,44): error TS2339: Property 'email' does not exist on type 'never'.
app/api/cron/verification-retry/route.ts(71,29): error TS2345: Argument of type '{ verification_attempts: any; last_verification_sent_at: string; }' is not assignable to parameter of type 'never'.
app/api/cron/verification-retry/route.ts(75,43): error TS2339: Property 'id' does not exist on type 'never'.
app/api/cron/verification-retry/route.ts(77,51): error TS2339: Property 'email' does not exist on type 'never'.
app/api/cron/verification-retry/route.ts(81,95): error TS2339: Property 'email' does not exist on type 'never'.
app/api/cron/verification-retry/route.ts(84,41): error TS2339: Property 'id' does not exist on type 'never'.
app/api/cron/verification-retry/route.ts(85,43): error TS2339: Property 'full_name' does not exist on type 'never'.
app/api/cron/verification-retry/route.ts(85,68): error TS2339: Property 'email' does not exist on type 'never'.
app/api/cron/verification-retry/route.ts(86,44): error TS2339: Property 'email' does not exist on type 'never'.
app/api/cron/verification-retry/route.ts(92,29): error TS2345: Argument of type '{ verification_attempts: number; }' is not assignable to parameter of type 'never'.
app/api/cron/verification-retry/route.ts(93,43): error TS2339: Property 'id' does not exist on type 'never'.
app/api/cron/verification-retry/route.ts(95,51): error TS2339: Property 'email' does not exist on type 'never'.
app/api/debug/provider-check/route.ts(28,21): error TS2339: Property 'last_lat' does not exist on type 'never'.
app/api/debug/provider-check/route.ts(29,21): error TS2339: Property 'last_lng' does not exist on type 'never'.
app/api/debug/provider-check/route.ts(31,57): error TS2339: Property 'last_lat' does not exist on type 'never'.
app/api/debug/provider-check/route.ts(36,18): error TS2339: Property 'email' does not exist on type 'never'.
app/api/debug/provider-check/route.ts(37,22): error TS2339: Property 'is_online' does not exist on type 'never'.
app/api/debug/provider-check/route.ts(38,24): error TS2339: Property 'is_provider' does not exist on type 'never'.
app/api/debug/provider-check/route.ts(39,26): error TS2339: Property 'last_lat' does not exist on type 'never'.
app/api/debug/provider-check/route.ts(39,43): error TS2339: Property 'last_lng' does not exist on type 'never'.
app/api/debug/provider-check/route.ts(41,22): error TS2339: Property 'provider_service_radius' does not exist on type 'never'.
app/api/debug/provider-check/route.ts(42,31): error TS2339: Property 'provider_service_radius' does not exist on type 'never'.
app/api/debug/provider-check/route.ts(43,34): error TS2339: Property 'plan_limits' does not exist on type 'never'.
app/api/debug/provider-check/route.ts(44,27): error TS2339: Property 'plan_limits' does not exist on type 'never'.
app/api/emergency/create/route.ts(43,14): error TS2769: No overload matches this call.
  Overload 1 of 2, '(values: never, options?: { count?: "exact" | "planned" | "estimated" | undefined; } | undefined): PostgrestFilterBuilder<{ PostgrestVersion: "12"; }, never, never, null, "emergency_requests", never, "POST">', gave the following error.
    Argument of type '{ client_id: string; category: any; service_id: any; description: any; lat: any; lng: any; address: any; status: string; }' is not assignable to parameter of type 'never'.
  Overload 2 of 2, '(values: never[], options?: { count?: "exact" | "planned" | "estimated" | undefined; defaultToNull?: boolean | undefined; } | undefined): PostgrestFilterBuilder<{ PostgrestVersion: "12"; }, never, never, null, "emergency_requests", never, "POST">', gave the following error.
    Object literal may only specify known properties, and 'client_id' does not exist in type 'never[]'.
app/api/emergency/create/route.ts(115,31): error TS2339: Property 'id' does not exist on type 'never'.
app/api/emergency/create/route.ts(122,48): error TS2339: Property 'id' does not exist on type 'never'.
app/api/emergency/create/route.ts(132,25): error TS2769: No overload matches this call.
  Overload 1 of 2, '(values: never, options?: { count?: "exact" | "planned" | "estimated" | undefined; } | undefined): PostgrestFilterBuilder<{ PostgrestVersion: "12"; }, never, never, null, "notifications", never, "POST">', gave the following error.
    Argument of type '{ user_id: any; user_type: string; title: string; message: string; type: string; data: { action_url: string; emergency_id: any; }; read: boolean; created_at: string; updated_at: string; }[]' is not assignable to parameter of type 'never'.
  Overload 2 of 2, '(values: never[], options?: { count?: "exact" | "planned" | "estimated" | undefined; defaultToNull?: boolean | undefined; } | undefined): PostgrestFilterBuilder<{ PostgrestVersion: "12"; }, never, never, null, "notifications", never, "POST">', gave the following error.
    Argument of type '{ user_id: any; user_type: string; title: string; message: string; type: string; data: { action_url: string; emergency_id: any; }; read: boolean; created_at: string; updated_at: string; }[]' is not assignable to parameter of type 'never[]'.
      Type '{ user_id: any; user_type: string; title: string; message: string; type: string; data: { action_url: string; emergency_id: any; }; read: boolean; created_at: string; updated_at: string; }' is not assignable to type 'never'.
app/api/payments/confirm/route.ts(13,44): error TS2345: Argument of type '{ status: string; }' is not assignable to parameter of type 'never'.
app/api/payments/create-intent/route.ts(31,39): error TS2769: No overload matches this call.
  Overload 1 of 2, '(values: never, options?: { count?: "exact" | "planned" | "estimated" | undefined; } | undefined): PostgrestFilterBuilder<{ PostgrestVersion: "12"; }, never, never, null, "payments", never, "POST">', gave the following error.
    Argument of type '{ gig_id: any; amount: any; stripe_payment_intent_id: any; status: string; }' is not assignable to parameter of type 'never'.
  Overload 2 of 2, '(values: never[], options?: { count?: "exact" | "planned" | "estimated" | undefined; defaultToNull?: boolean | undefined; } | undefined): PostgrestFilterBuilder<{ PostgrestVersion: "12"; }, never, never, null, "payments", never, "POST">', gave the following error.
    Object literal may only specify known properties, and 'gig_id' does not exist in type 'never[]'.
app/api/payments/release-escrow/route.ts(27,34): error TS2339: Property 'amount' does not exist on type 'never'.
app/api/payments/release-escrow/route.ts(33,44): error TS2345: Argument of type '{ status: string; }' is not assignable to parameter of type 'never'.
app/api/payments/release-escrow/route.ts(33,86): error TS2339: Property 'id' does not exist on type 'never'.
app/dashboard/community/page.tsx(232,26): error TS2304: Cannot find name 'biskate'.
app/dashboard/community/page.tsx(236,55): error TS2304: Cannot find name 'biskate'.
app/dashboard/community/page.tsx(237,45): error TS2304: Cannot find name 'biskate'.
app/dashboard/community/page.tsx(239,49): error TS2304: Cannot find name 'biskate'.
app/dashboard/community/page.tsx(244,76): error TS2304: Cannot find name 'biskate'.
app/dashboard/emergency/[id]/page.tsx(68,32): error TS2304: Cannot find name 'supabase'.
app/dashboard/emergency/[id]/page.tsx(71,22): error TS7006: Parameter 'payload' implicitly has an 'any' type.
app/dashboard/emergency/[id]/page.tsx(78,33): error TS2304: Cannot find name 'supabase'.
app/dashboard/emergency/[id]/page.tsx(109,32): error TS2304: Cannot find name 'supabase'.
app/dashboard/emergency/[id]/page.tsx(114,32): error TS2304: Cannot find name 'supabase'.
app/dashboard/emergency/[id]/page.tsx(123,32): error TS2304: Cannot find name 'supabase'.
app/dashboard/emergency/[id]/page.tsx(171,40): error TS2339: Property 'id' does not exist on type 'never'.
app/dashboard/emergency/[id]/respond/page.tsx(44,44): error TS2304: Cannot find name 'EmergencyRequest'.
app/dashboard/emergency/[id]/respond/page.tsx(57,43): error TS2304: Cannot find name 'supabase'.
app/dashboard/emergency/[id]/respond/page.tsx(67,48): error TS2304: Cannot find name 'supabase'.
app/dashboard/emergency/[id]/respond/page.tsx(85,37): error TS2304: Cannot find name 'EmergencyService'.
app/dashboard/emergency/[id]/respond/page.tsx(165,37): error TS2322: Type '{ clientLat: any; clientLng: any; providerLat: number | null | undefined; providerLng: number | null | undefined; apiKey: string; }' is not assignable to type 'IntrinsicAttributes & EmergencyMapProps'.
  Property 'providerLat' does not exist on type 'IntrinsicAttributes & EmergencyMapProps'. Did you mean 'providers'?
app/dashboard/emergency/[id]/respond/page.tsx(176,34): error TS2304: Cannot find name 'User'.
app/dashboard/messages/page.tsx(17,47): error TS2339: Property 'messages' does not exist on type '{ profiles: { Row: { id: string; is_provider: boolean | null; provider_status: string | null; provider_bio: string | null; provider_website: string | null; provider_phone: string | null; ... 14 more ...; role: string | null; }; Insert: { ...; }; Update: { ...; }; }; ... 7 more ...; portfolio_media: { ...; }; }'.
app/dashboard/messages/page.tsx(378,57): error TS2769: No overload matches this call.
  Overload 1 of 2, '(values: never, options?: { count?: "exact" | "planned" | "estimated" | undefined; } | undefined): PostgrestFilterBuilder<{ PostgrestVersion: "12"; }, never, never, null, "messages", never, "POST">', gave the following error.
    Argument of type '{ conversation_id: string; sender_id: any; content: string; }' is not assignable to parameter of type 'never'.
  Overload 2 of 2, '(values: never[], options?: { count?: "exact" | "planned" | "estimated" | undefined; defaultToNull?: boolean | undefined; } | undefined): PostgrestFilterBuilder<{ PostgrestVersion: "12"; }, never, never, null, "messages", never, "POST">', gave the following error.
    Object literal may only specify known properties, and 'conversation_id' does not exist in type 'never[]'.
app/dashboard/page.tsx(81,86): error TS2345: Argument of type 'string | undefined' is not assignable to parameter of type '{}'.
  Type 'undefined' is not assignable to type '{}'.
app/dashboard/page.tsx(84,48): error TS2339: Property 'status' does not exist on type 'never'.
app/dashboard/page.tsx(109,24): error TS2345: Argument of type 'string | undefined' is not assignable to parameter of type '{}'.
  Type 'undefined' is not assignable to type '{}'.
app/dashboard/page.tsx(116,17): error TS2339: Property 'id' does not exist on type 'never'.
app/dashboard/page.tsx(117,19): error TS2339: Property 'type' does not exist on type 'never'.
app/dashboard/page.tsx(118,20): error TS2339: Property 'title' does not exist on type 'never'.
app/dashboard/page.tsx(119,26): error TS2339: Property 'message' does not exist on type 'never'.
app/dashboard/page.tsx(120,33): error TS2339: Property 'created_at' does not exist on type 'never'.
app/dashboard/page.tsx(121,19): error TS2339: Property 'type' does not exist on type 'never'.
app/dashboard/page.tsx(121,56): error TS2339: Property 'type' does not exist on type 'never'.
app/dashboard/page.tsx(121,102): error TS2339: Property 'type' does not exist on type 'never'.
app/dashboard/page.tsx(122,20): error TS2339: Property 'type' does not exist on type 'never'.
app/dashboard/page.tsx(122,63): error TS2339: Property 'type' does not exist on type 'never'.
app/dashboard/provider/active-jobs/page.tsx(51,36): error TS2345: Argument of type 'string | undefined' is not assignable to parameter of type '{}'.
  Type 'undefined' is not assignable to type '{}'.
app/dashboard/provider/gigs/[id]/page.tsx(23,41): error TS2339: Property 'gigs' does not exist on type '{ profiles: { Row: { id: string; is_provider: boolean | null; provider_status: string | null; provider_bio: string | null; provider_website: string | null; provider_phone: string | null; ... 14 more ...; role: string | null; }; Insert: { ...; }; Update: { ...; }; }; ... 7 more ...; portfolio_media: { ...; }; }'.
app/dashboard/provider/gigs/[id]/page.tsx(24,49): error TS2339: Property 'gig_responses' does not exist on type '{ profiles: { Row: { id: string; is_provider: boolean | null; provider_status: string | null; provider_bio: string | null; provider_website: string | null; provider_phone: string | null; ... 14 more ...; role: string | null; }; Insert: { ...; }; Update: { ...; }; }; ... 7 more ...; portfolio_media: { ...; }; }'.
app/dashboard/provider/gigs/[id]/page.tsx(82,51): error TS7006: Parameter 'r' implicitly has an 'any' type.
app/dashboard/provider/gigs/[id]/responses/page.tsx(20,41): error TS2339: Property 'gigs' does not exist on type '{ profiles: { Row: { id: string; is_provider: boolean | null; provider_status: string | null; provider_bio: string | null; provider_website: string | null; provider_phone: string | null; ... 14 more ...; role: string | null; }; Insert: { ...; }; Update: { ...; }; }; ... 7 more ...; portfolio_media: { ...; }; }'.
app/dashboard/provider/gigs/[id]/responses/page.tsx(21,49): error TS2339: Property 'gig_responses' does not exist on type '{ profiles: { Row: { id: string; is_provider: boolean | null; provider_status: string | null; provider_bio: string | null; provider_website: string | null; provider_phone: string | null; ... 14 more ...; role: string | null; }; Insert: { ...; }; Update: { ...; }; }; ... 7 more ...; portfolio_media: { ...; }; }'.
app/dashboard/provider/gigs/[id]/responses/page.tsx(106,17): error TS2345: Argument of type '{ status: string; updated_at: string; }' is not assignable to parameter of type 'never'.
app/dashboard/provider/gigs/page.tsx(87,43): error TS2339: Property 'skills' does not exist on type 'never'.
app/dashboard/provider/gigs/page.tsx(109,53): error TS2339: Property 'name' does not exist on type 'never'.
app/dashboard/provider/page.tsx(70,56): error TS2339: Property 'status' does not exist on type 'never'.
app/dashboard/provider/page.tsx(72,74): error TS2339: Property 'status' does not exist on type 'never'.
app/dashboard/provider/page.tsx(73,71): error TS2339: Property 'price' does not exist on type 'never'.
app/dashboard/provider/page.tsx(95,17): error TS2339: Property 'id' does not exist on type 'never'.
app/dashboard/provider/page.tsx(96,20): error TS2339: Property 'title' does not exist on type 'never'.
app/dashboard/provider/page.tsx(97,22): error TS2339: Property 'message' does not exist on type 'never'.
app/dashboard/provider/page.tsx(98,25): error TS2339: Property 'created_at' does not exist on type 'never'.
app/dashboard/provider/page.tsx(99,19): error TS2339: Property 'type' does not exist on type 'never'.
app/dashboard/provider/services/page.tsx(26,18): error TS2304: Cannot find name 'Loader2'.
app/dashboard/provider/services/page.tsx(43,29): error TS2322: Type 'string | undefined' is not assignable to type 'string'.
  Type 'undefined' is not assignable to type 'string'.
app/dashboard/provider/setup/page.tsx(19,26): error TS2339: Property 'isProvider' does not exist on type 'AuthContextType'.
app/dashboard/provider/setup/page.tsx(49,42): error TS2339: Property 'status' does not exist on type 'never'.
app/dashboard/provider/setup/page.tsx(99,17): error TS2345: Argument of type '{ bio: string; skills: string[]; portfolio_url: string; hourly_rate: number; }' is not assignable to parameter of type 'never'.
app/dashboard/responses/page.tsx(31,49): error TS2339: Property 'gig_responses' does not exist on type '{ profiles: { Row: { id: string; is_provider: boolean | null; provider_status: string | null; provider_bio: string | null; provider_website: string | null; provider_phone: string | null; ... 14 more ...; role: string | null; }; Insert: { ...; }; Update: { ...; }; }; ... 7 more ...; portfolio_media: { ...; }; }'.
app/dashboard/responses/page.tsx(32,37): error TS2339: Property 'gigs' does not exist on type '{ profiles: { Row: { id: string; is_provider: boolean | null; provider_status: string | null; provider_bio: string | null; provider_website: string | null; provider_phone: string | null; ... 14 more ...; role: string | null; }; Insert: { ...; }; Update: { ...; }; }; ... 7 more ...; portfolio_media: { ...; }; }'.
app/dashboard/responses/page.tsx(81,45): error TS2339: Property 'id' does not exist on type 'never'.
app/dashboard/responses/page.tsx(137,17): error TS2345: Argument of type '{ status: string; updated_at: string; }' is not assignable to parameter of type 'never'.
app/login/page.tsx(15,27): error TS2307: Cannot find module '@/components/auth/login-form' or its corresponding type declarations.
app/login/page.tsx(35,39): error TS2345: Argument of type 'string | null' is not assignable to parameter of type 'string'.
  Type 'null' is not assignable to type 'string'.
components/admin/admin-dashboard.tsx(60,57): error TS2339: Property 'plan' does not exist on type 'never'.
components/admin/admin-dashboard.tsx(61,55): error TS2339: Property 'role' does not exist on type 'never'.
components/admin/analytics-advanced.tsx(79,23): error TS2339: Property 'email' does not exist on type 'never'.
components/admin/analytics-advanced.tsx(80,28): error TS2339: Property 'gigs' does not exist on type 'never'.
components/admin/analytics-advanced.tsx(81,33): error TS2339: Property 'responses' does not exist on type 'never'.
components/admin/analytics-dashboard.tsx(89,64): error TS2339: Property 'created_at' does not exist on type 'never'.
components/admin/analytics-dashboard.tsx(90,66): error TS2339: Property 'created_at' does not exist on type 'never'.
components/admin/analytics-dashboard.tsx(94,20): error TS2339: Property 'plan' does not exist on type 'never'.
components/admin/analytics-dashboard.tsx(94,38): error TS2339: Property 'plan' does not exist on type 'never'.
components/admin/analytics-dashboard.tsx(101,49): error TS2339: Property 'status' does not exist on type 'never'.
components/admin/analytics-dashboard.tsx(102,48): error TS2339: Property 'status' does not exist on type 'never'.
components/admin/analytics-dashboard.tsx(106,19): error TS2339: Property 'category' does not exist on type 'never'.
components/admin/analytics-dashboard.tsx(106,40): error TS2339: Property 'category' does not exist on type 'never'.
components/admin/analytics-dashboard.tsx(112,72): error TS2339: Property 'price' does not exist on type 'never'.
components/admin/analytics-dashboard.tsx(115,69): error TS2339: Property 'created_at' does not exist on type 'never'.
components/admin/analytics-dashboard.tsx(119,69): error TS2339: Property 'responses_used' does not exist on type 'never'.
components/admin/analytics-dashboard.tsx(123,26): error TS2339: Property 'responses_used' does not exist on type 'never'.
components/admin/analytics-dashboard.tsx(124,28): error TS2339: Property 'responses_used' does not exist on type 'never'.
components/admin/analytics-dashboard.tsx(124,54): error TS2339: Property 'responses_used' does not exist on type 'never'.
components/admin/analytics-dashboard.tsx(127,21): error TS2339: Property 'id' does not exist on type 'never'.
components/admin/analytics-dashboard.tsx(128,23): error TS2339: Property 'full_name' does not exist on type 'never'.
components/admin/analytics-dashboard.tsx(129,20): error TS2339: Property 'responses_used' does not exist on type 'never'.
components/admin/analytics-dashboard.tsx(133,26): error TS2339: Property 'responses_used' does not exist on type 'never'.
components/admin/analytics-dashboard.tsx(134,38): error TS2339: Property 'responses_used' does not exist on type 'never'.
components/admin/categories-debug.tsx(17,26): error TS2339: Property 'isAdmin' does not exist on type 'AuthContextType'.
components/admin/categories-debug.tsx(97,65): error TS2769: No overload matches this call.
  Overload 1 of 2, '(values: never, options?: { count?: "exact" | "planned" | "estimated" | undefined; } | undefined): PostgrestFilterBuilder<{ PostgrestVersion: "12"; }, never, never, null, "categories", never, "POST">', gave the following error.
    Argument of type '{ name: string; description: string; slug: string; margin_percentage: number; is_active: boolean; icon: string; }[]' is not assignable to parameter of type 'never'.
  Overload 2 of 2, '(values: never[], options?: { count?: "exact" | "planned" | "estimated" | undefined; defaultToNull?: boolean | undefined; } | undefined): PostgrestFilterBuilder<{ PostgrestVersion: "12"; }, never, never, null, "categories", never, "POST">', gave the following error.
    Type '{ name: string; description: string; slug: string; margin_percentage: number; is_active: boolean; icon: string; }' is not assignable to type 'never'.
components/admin/categories-management-enhanced.tsx(166,68): error TS2345: Argument of type '{ name: string; description: string | null; parent_id: string | null; margin_percentage: number; is_active: boolean; slug: string; icon: string | null; updated_at: string; }' is not assignable to parameter of type 'never'.
components/admin/categories-management-enhanced.tsx(175,61): error TS2769: No overload matches this call.
  Overload 1 of 2, '(values: never, options?: { count?: "exact" | "planned" | "estimated" | undefined; } | undefined): PostgrestFilterBuilder<{ PostgrestVersion: "12"; }, never, never, null, "categories", never, "POST">', gave the following error.
    Argument of type '{ name: string; description: string | null; parent_id: string | null; margin_percentage: number; is_active: boolean; slug: string; icon: string | null; updated_at: string; }[]' is not assignable to parameter of type 'never'.
  Overload 2 of 2, '(values: never[], options?: { count?: "exact" | "planned" | "estimated" | undefined; defaultToNull?: boolean | undefined; } | undefined): PostgrestFilterBuilder<{ PostgrestVersion: "12"; }, never, never, null, "categories", never, "POST">', gave the following error.
    Type '{ name: string; description: string | null; parent_id: string | null; margin_percentage: number; is_active: boolean; slug: string; icon: string | null; updated_at: string; }' is not assignable to type 'never'.
components/admin/categories-management-final.tsx(177,63): error TS2339: Property 'is_active' does not exist on type 'never'.
components/admin/categories-management-final.tsx(178,65): error TS2339: Property 'is_featured' does not exist on type 'never'.
components/admin/categories-management-final.tsx(180,70): error TS2339: Property 'budget' does not exist on type 'never'.
components/admin/categories-management-final.tsx(279,19): error TS2345: Argument of type '{ name: string; slug: string; description: string | null; icon: string | null; color: string; parent_id: string | null; is_active: boolean; is_featured: boolean; requires_verification: boolean; ... 4 more ...; updated_at: string; }' is not assignable to parameter of type 'never'.
components/admin/categories-management-final.tsx(284,74): error TS2769: No overload matches this call.
  Overload 1 of 2, '(values: never, options?: { count?: "exact" | "planned" | "estimated" | undefined; } | undefined): PostgrestFilterBuilder<{ PostgrestVersion: "12"; }, never, never, null, "categories", never, "POST">', gave the following error.
    Argument of type '{ created_at: string; name: string; slug: string; description: string | null; icon: string | null; color: string; parent_id: string | null; is_active: boolean; is_featured: boolean; requires_verification: boolean; ... 4 more ...; updated_at: string; }[]' is not assignable to parameter of type 'never'.
  Overload 2 of 2, '(values: never[], options?: { count?: "exact" | "planned" | "estimated" | undefined; defaultToNull?: boolean | undefined; } | undefined): PostgrestFilterBuilder<{ PostgrestVersion: "12"; }, never, never, null, "categories", never, "POST">', gave the following error.
    Type '{ created_at: string; name: string; slug: string; description: string | null; icon: string | null; color: string; parent_id: string | null; is_active: boolean; is_featured: boolean; requires_verification: boolean; ... 4 more ...; updated_at: string; }' is not assignable to type 'never'.
components/admin/categories-management-final.tsx(371,66): error TS2345: Argument of type '{ is_active: boolean; }' is not assignable to parameter of type 'never'.
components/admin/categories-management-final.tsx(394,66): error TS2345: Argument of type '{ is_featured: boolean; }' is not assignable to parameter of type 'never'.
components/admin/categories-management-fixed.tsx(139,68): error TS2345: Argument of type '{ name: string; description: string | null; parent_id: string | null; margin_percentage: number; is_active: boolean; slug: string; icon: string | null; featured: boolean; updated_at: string; }' is not assignable to parameter of type 'never'.
components/admin/categories-management-fixed.tsx(148,61): error TS2769: No overload matches this call.
  Overload 1 of 2, '(values: never, options?: { count?: "exact" | "planned" | "estimated" | undefined; } | undefined): PostgrestFilterBuilder<{ PostgrestVersion: "12"; }, never, never, null, "categories", never, "POST">', gave the following error.
    Argument of type '{ name: string; description: string | null; parent_id: string | null; margin_percentage: number; is_active: boolean; slug: string; icon: string | null; featured: boolean; updated_at: string; }[]' is not assignable to parameter of type 'never'.
  Overload 2 of 2, '(values: never[], options?: { count?: "exact" | "planned" | "estimated" | undefined; defaultToNull?: boolean | undefined; } | undefined): PostgrestFilterBuilder<{ PostgrestVersion: "12"; }, never, never, null, "categories", never, "POST">', gave the following error.
    Type '{ name: string; description: string | null; parent_id: string | null; margin_percentage: number; is_active: boolean; slug: string; icon: string | null; featured: boolean; updated_at: string; }' is not assignable to type 'never'.
components/admin/categories-management.tsx(175,68): error TS2345: Argument of type '{ slug: string; parent_id: string | null; updated_at: string; name: string; description: string; margin_percentage: number; is_active: boolean; icon: string; }' is not assignable to parameter of type 'never'.
components/admin/categories-management.tsx(184,61): error TS2769: No overload matches this call.
  Overload 1 of 2, '(values: never, options?: { count?: "exact" | "planned" | "estimated" | undefined; } | undefined): PostgrestFilterBuilder<{ PostgrestVersion: "12"; }, never, never, null, "categories", never, "POST">', gave the following error.
    Argument of type '{ slug: string; parent_id: string | null; updated_at: string; name: string; description: string; margin_percentage: number; is_active: boolean; icon: string; }[]' is not assignable to parameter of type 'never'.
  Overload 2 of 2, '(values: never[], options?: { count?: "exact" | "planned" | "estimated" | undefined; defaultToNull?: boolean | undefined; } | undefined): PostgrestFilterBuilder<{ PostgrestVersion: "12"; }, never, never, null, "categories", never, "POST">', gave the following error.
    Type '{ slug: string; parent_id: string | null; updated_at: string; name: string; description: string; margin_percentage: number; is_active: boolean; icon: string; }' is not assignable to type 'never'.
components/admin/categories-simple.tsx(126,68): error TS2345: Argument of type '{ name: string; description: string | null; margin_percentage: number; is_active: boolean; slug: string; icon: string | null; featured: boolean; updated_at: string; }' is not assignable to parameter of type 'never'.
components/admin/categories-simple.tsx(135,61): error TS2769: No overload matches this call.
  Overload 1 of 2, '(values: never, options?: { count?: "exact" | "planned" | "estimated" | undefined; } | undefined): PostgrestFilterBuilder<{ PostgrestVersion: "12"; }, never, never, null, "categories", never, "POST">', gave the following error.
    Argument of type '{ name: string; description: string | null; margin_percentage: number; is_active: boolean; slug: string; icon: string | null; featured: boolean; updated_at: string; }[]' is not assignable to parameter of type 'never'.
  Overload 2 of 2, '(values: never[], options?: { count?: "exact" | "planned" | "estimated" | undefined; defaultToNull?: boolean | undefined; } | undefined): PostgrestFilterBuilder<{ PostgrestVersion: "12"; }, never, never, null, "categories", never, "POST">', gave the following error.
    Type '{ name: string; description: string | null; margin_percentage: number; is_active: boolean; slug: string; icon: string | null; featured: boolean; updated_at: string; }' is not assignable to type 'never'.
components/admin/cms-management.tsx(45,32): error TS2322: Type '"secondary" | "success"' is not assignable to type '"default" | "destructive" | "outline" | "secondary" | null | undefined'.
  Type '"success"' is not assignable to type '"default" | "destructive" | "outline" | "secondary" | null | undefined'.
components/admin/dashboard-charts.tsx(109,64): error TS18048: 'percent' is possibly 'undefined'.
components/admin/feedback-management.tsx(89,17): error TS2345: Argument of type '{ admin_response: string; status: string; updated_at: string; }' is not assignable to parameter of type 'never'.
components/admin/feedback-management.tsx(122,17): error TS2345: Argument of type '{ status: string; updated_at: string; }' is not assignable to parameter of type 'never'.
components/admin/firebase-integration-settings.tsx(72,24): error TS2339: Property 'config' does not exist on type 'never'.
components/admin/firebase-integration-settings.tsx(73,27): error TS2339: Property 'is_enabled' does not exist on type 'never'.
components/admin/firebase-integration-settings.tsx(103,17): error TS2345: Argument of type '{ config: FirebaseConfig; is_enabled: boolean; updated_at: string; }' is not assignable to parameter of type 'never'.
components/admin/gigs-management-complete.tsx(102,30): error TS2322: Type '"destructive" | "secondary" | "success" | "warning"' is not assignable to type '"default" | "destructive" | "outline" | "secondary" | null | undefined'.
  Type '"success"' is not assignable to type '"default" | "destructive" | "outline" | "secondary" | null | undefined'.
components/admin/gigs-management.tsx(38,41): error TS2339: Property 'gigs' does not exist on type '{ profiles: { Row: { id: string; is_provider: boolean | null; provider_status: string | null; provider_bio: string | null; provider_website: string | null; provider_phone: string | null; ... 14 more ...; role: string | null; }; Insert: { ...; }; Update: { ...; }; }; ... 7 more ...; portfolio_media: { ...; }; }'.
components/admin/gigs-management.tsx(131,17): error TS2345: Argument of type '{ title: string; description: string; category: string; price: number; location: string; status: any; updated_at: string; }' is not assignable to parameter of type 'never'.
components/admin/gigs-management.tsx(155,39): error TS2345: Argument of type 'string | null' is not assignable to parameter of type 'string'.
  Type 'null' is not assignable to type 'string'.
components/admin/gigs-management.tsx(185,17): error TS2345: Argument of type '{ status: string; updated_at: string; }' is not assignable to parameter of type 'never'.
components/admin/gigs-management.tsx(201,39): error TS2345: Argument of type 'string | null' is not assignable to parameter of type 'string'.
  Type 'null' is not assignable to type 'string'.
components/admin/gigs-management.tsx(226,17): error TS2345: Argument of type '{ status: string; rejection_reason: string; updated_at: string; }' is not assignable to parameter of type 'never'.
components/admin/gigs-management.tsx(246,39): error TS2345: Argument of type 'string | null' is not assignable to parameter of type 'string'.
  Type 'null' is not assignable to type 'string'.
components/admin/gigs-management.tsx(287,11): error TS2345: Argument of type 'string | null' is not assignable to parameter of type 'string'.
  Type 'null' is not assignable to type 'string'.
components/admin/moderation-alerts-fixed.tsx(94,51): error TS2339: Property 'title' does not exist on type 'never'.
components/admin/moderation-alerts-fixed.tsx(95,57): error TS2339: Property 'description' does not exist on type 'never'.
components/admin/moderation-alerts-fixed.tsx(98,29): error TS2339: Property 'author_id' does not exist on type 'never'.
components/admin/moderation-alerts-fixed.tsx(99,55): error TS2339: Property 'author_id' does not exist on type 'never'.
components/admin/moderation-alerts-fixed.tsx(103,39): error TS2339: Property 'author_id' does not exist on type 'never'.
components/admin/moderation-alerts-fixed.tsx(107,64): error TS2339: Property 'full_name' does not exist on type 'never'.
components/admin/moderation-alerts-fixed.tsx(108,65): error TS2339: Property 'email' does not exist on type 'never'.
components/admin/moderation-alerts-fixed.tsx(127,52): error TS2339: Property 'full_name' does not exist on type 'never'.
components/admin/moderation-alerts-fixed.tsx(128,53): error TS2339: Property 'email' does not exist on type 'never'.
components/admin/moderation-alerts-fixed.tsx(145,60): error TS2339: Property 'full_name' does not exist on type 'never'.
components/admin/moderation-alerts-fixed.tsx(146,61): error TS2339: Property 'email' does not exist on type 'never'.
components/admin/moderation-alerts-fixed.tsx(179,62): error TS2769: No overload matches this call.
  Overload 1 of 2, '(values: never, options?: { count?: "exact" | "planned" | "estimated" | undefined; } | undefined): PostgrestFilterBuilder<{ PostgrestVersion: "12"; }, never, never, null, "notifications", never, "POST">', gave the following error.
    Argument of type '{ user_id: string; title: string; message: string; type: string; }' is not assignable to parameter of type 'never'.
  Overload 2 of 2, '(values: never[], options?: { count?: "exact" | "planned" | "estimated" | undefined; defaultToNull?: boolean | undefined; } | undefined): PostgrestFilterBuilder<{ PostgrestVersion: "12"; }, never, never, null, "notifications", never, "POST">', gave the following error.
    Object literal may only specify known properties, and 'user_id' does not exist in type 'never[]'.
components/admin/moderation-alerts-fixed.tsx(235,17): error TS2345: Argument of type '{ status: string; resolved_at: string; resolved_by: string | undefined; }' is not assignable to parameter of type 'never'.
components/admin/moderation-alerts.tsx(84,17): error TS2345: Argument of type '{ status: string; resolved_at: string; resolution_action: "reject" | "approve" | "edit"; }' is not assignable to parameter of type 'never'.
components/admin/moderation-alerts.tsx(210,41): error TS2339: Property 'resolved_at' does not exist on type 'ModerationAlert'.
components/admin/moderation-alerts.tsx(381,63): error TS2339: Property 'resolution_action' does not exist on type 'ModerationAlert'.
components/admin/moderation-alerts.tsx(383,49): error TS2339: Property 'resolved_at' does not exist on type 'ModerationAlert'.
components/admin/notification-triggers-management-fixed.tsx(92,19): error TS2345: Argument of type '{ updated_at: string; name: string; is_active: boolean; trigger_event: string; title_template: string; message_template: string; conditions: any; target_roles: string[]; channels: string[]; }' is not assignable to parameter of type 'never'.
components/admin/notification-triggers-management-fixed.tsx(97,82): error TS2769: No overload matches this call.
  Overload 1 of 2, '(values: never, options?: { count?: "exact" | "planned" | "estimated" | undefined; } | undefined): PostgrestFilterBuilder<{ PostgrestVersion: "12"; }, never, never, null, "notification_rules", never, "POST">', gave the following error.
    Argument of type '{ updated_at: string; name: string; is_active: boolean; trigger_event: string; title_template: string; message_template: string; conditions: any; target_roles: string[]; channels: string[]; }[]' is not assignable to parameter of type 'never'.
  Overload 2 of 2, '(values: never[], options?: { count?: "exact" | "planned" | "estimated" | undefined; defaultToNull?: boolean | undefined; } | undefined): PostgrestFilterBuilder<{ PostgrestVersion: "12"; }, never, never, null, "notification_rules", never, "POST">', gave the following error.
    Type '{ updated_at: string; name: string; is_active: boolean; trigger_event: string; title_template: string; message_template: string; conditions: any; target_roles: string[]; channels: string[]; }' is not assignable to type 'never'.
components/admin/notification-triggers-management-fixed.tsx(177,17): error TS2345: Argument of type '{ is_active: boolean; updated_at: string; }' is not assignable to parameter of type 'never'.
components/admin/notification-triggers-management.tsx(148,19): error TS2345: Argument of type '{ updated_at: string; name: string; trigger_event: string; is_active: boolean; target_roles: string[]; channels: string[]; title_template: string; message_template: string; conditions: {}; }' is not assignable to parameter of type 'never'.
components/admin/notification-triggers-management.tsx(153,82): error TS2769: No overload matches this call.
  Overload 1 of 2, '(values: never, options?: { count?: "exact" | "planned" | "estimated" | undefined; } | undefined): PostgrestFilterBuilder<{ PostgrestVersion: "12"; }, never, never, null, "notification_rules", never, "POST">', gave the following error.
    Argument of type '{ updated_at: string; name: string; trigger_event: string; is_active: boolean; target_roles: string[]; channels: string[]; title_template: string; message_template: string; conditions: {}; }[]' is not assignable to parameter of type 'never'.
  Overload 2 of 2, '(values: never[], options?: { count?: "exact" | "planned" | "estimated" | undefined; defaultToNull?: boolean | undefined; } | undefined): PostgrestFilterBuilder<{ PostgrestVersion: "12"; }, never, never, null, "notification_rules", never, "POST">', gave the following error.
    Type '{ updated_at: string; name: string; trigger_event: string; is_active: boolean; target_roles: string[]; channels: string[]; title_template: string; message_template: string; conditions: {}; }' is not assignable to type 'never'.
components/admin/notification-triggers-management.tsx(243,17): error TS2345: Argument of type '{ is_active: boolean; updated_at: string; }' is not assignable to parameter of type 'never'.
components/admin/notifications-system.tsx(90,69): error TS2345: Argument of type '{ read: boolean; }' is not assignable to parameter of type 'never'.
components/admin/profile-completion-analytics.tsx(42,51): error TS2339: Property 'getCompletionStats' does not exist on type 'typeof ProfileCompletionService'.
components/admin/profile-completion-analytics.tsx(61,60): error TS2339: Property 'sendBatchReminders' does not exist on type 'typeof ProfileCompletionService'.
components/admin/recent-activity.tsx(58,19): error TS2339: Property 'id' does not exist on type 'never'.
components/admin/recent-activity.tsx(60,48): error TS2339: Property 'title' does not exist on type 'never'.
components/admin/recent-activity.tsx(61,27): error TS2339: Property 'created_at' does not exist on type 'never'.
components/admin/recent-activity.tsx(62,27): error TS2339: Property 'profiles' does not exist on type 'never'.
components/admin/recent-activity.tsx(66,24): error TS2339: Property 'id' does not exist on type 'never'.
components/admin/recent-activity.tsx(68,56): error TS2339: Property 'gig_id' does not exist on type 'never'.
components/admin/recent-activity.tsx(69,32): error TS2339: Property 'created_at' does not exist on type 'never'.
components/admin/recent-activity.tsx(70,32): error TS2339: Property 'profiles' does not exist on type 'never'.
components/admin/responses-management.tsx(40,49): error TS2339: Property 'gig_responses' does not exist on type '{ profiles: { Row: { id: string; is_provider: boolean | null; provider_status: string | null; provider_bio: string | null; provider_website: string | null; provider_phone: string | null; ... 14 more ...; role: string | null; }; Insert: { ...; }; Update: { ...; }; }; ... 7 more ...; portfolio_media: { ...; }; }'.
components/admin/responses-management.tsx(41,37): error TS2339: Property 'gigs' does not exist on type '{ profiles: { Row: { id: string; is_provider: boolean | null; provider_status: string | null; provider_bio: string | null; provider_website: string | null; provider_phone: string | null; ... 14 more ...; role: string | null; }; Insert: { ...; }; Update: { ...; }; }; ... 7 more ...; portfolio_media: { ...; }; }'.
components/admin/responses-management.tsx(184,17): error TS2345: Argument of type '{ status: string; updated_at: string; }' is not assignable to parameter of type 'never'.
components/admin/system-overview.tsx(91,26): error TS2322: Type '"destructive" | "outline" | "secondary" | "warning"' is not assignable to type '"default" | "destructive" | "outline" | "secondary" | null | undefined'.
  Type '"warning"' is not assignable to type '"default" | "destructive" | "outline" | "secondary" | null | undefined'.
components/admin/system-repair-center.tsx(298,66): error TS2769: No overload matches this call.
  Overload 1 of 2, '(values: never, options?: { count?: "exact" | "planned" | "estimated" | undefined; } | undefined): PostgrestFilterBuilder<{ PostgrestVersion: "12"; }, never, never, null, "categories", never, "POST">', gave the following error.
    Argument of type '{ name: string; description: string; icon: string; color: string; }[]' is not assignable to parameter of type 'never'.
  Overload 2 of 2, '(values: never[], options?: { count?: "exact" | "planned" | "estimated" | undefined; defaultToNull?: boolean | undefined; } | undefined): PostgrestFilterBuilder<{ PostgrestVersion: "12"; }, never, never, null, "categories", never, "POST">', gave the following error.
    Argument of type '{ name: string; description: string; icon: string; color: string; }[]' is not assignable to parameter of type 'never[]'.
      Type '{ name: string; description: string; icon: string; color: string; }' is not assignable to type 'never'.
components/admin/users-management-complete.tsx(93,30): error TS2322: Type '"destructive" | "success"' is not assignable to type '"default" | "destructive" | "outline" | "secondary" | null | undefined'.
  Type '"success"' is not assignable to type '"default" | "destructive" | "outline" | "secondary" | null | undefined'.
components/admin/users-management-with-table.tsx(57,71): error TS2339: Property 'plan' does not exist on type '{ id: string; is_provider: boolean | null; provider_status: string | null; provider_bio: string | null; provider_website: string | null; provider_phone: string | null; provider_experience_years: number | null; ... 13 more ...; role: string | null; }'.
components/admin/users-management-with-table.tsx(135,7): error TS2322: Type '"plan"' is not assignable to type '"id" | "full_name" | "avatar_url" | "email" | "role" | "updated_at" | "bio" | "location" | "website" | "phone" | "is_provider" | "provider_status" | "hourly_rate" | "provider_rejection_reason" | ... 7 more ... | ((row: { ...; }) => ReactNode)'.
components/admin/users-management-with-table.tsx(136,62): error TS2339: Property 'plan' does not exist on type '{ id: string; is_provider: boolean | null; provider_status: string | null; provider_bio: string | null; provider_website: string | null; provider_phone: string | null; provider_experience_years: number | null; ... 13 more ...; role: string | null; }'.
components/admin/users-management-with-table.tsx(136,84): error TS2339: Property 'plan' does not exist on type '{ id: string; is_provider: boolean | null; provider_status: string | null; provider_bio: string | null; provider_website: string | null; provider_phone: string | null; provider_experience_years: number | null; ... 13 more ...; role: string | null; }'.
components/admin/users-management-with-table.tsx(140,7): error TS2322: Type '"responses_used"' is not assignable to type '"id" | "full_name" | "avatar_url" | "email" | "role" | "updated_at" | "bio" | "location" | "website" | "phone" | "is_provider" | "provider_status" | "hourly_rate" | "provider_rejection_reason" | ... 7 more ... | ((row: { ...; }) => ReactNode)'.
components/admin/users-management-with-table.tsx(141,53): error TS2339: Property 'responses_used' does not exist on type '{ id: string; is_provider: boolean | null; provider_status: string | null; provider_bio: string | null; provider_website: string | null; provider_phone: string | null; provider_experience_years: number | null; ... 13 more ...; role: string | null; }'.
components/admin/users-management-with-table.tsx(145,7): error TS2322: Type '"created_at"' is not assignable to type '"id" | "full_name" | "avatar_url" | "email" | "role" | "updated_at" | "bio" | "location" | "website" | "phone" | "is_provider" | "provider_status" | "hourly_rate" | "provider_rejection_reason" | ... 7 more ... | ((row: { ...; }) => ReactNode)'.
components/admin/users-management-with-table.tsx(146,62): error TS2339: Property 'created_at' does not exist on type '{ id: string; is_provider: boolean | null; provider_status: string | null; provider_bio: string | null; provider_website: string | null; provider_phone: string | null; provider_experience_years: number | null; ... 13 more ...; role: string | null; }'.
components/admin/users/user-edit-dialog.tsx(31,17): error TS2339: Property 'plan' does not exist on type '{ id: string; is_provider: boolean | null; provider_status: string | null; provider_bio: string | null; provider_website: string | null; provider_phone: string | null; provider_experience_years: number | null; ... 13 more ...; role: string | null; }'.
components/admin/users/user-edit-dialog.tsx(51,19): error TS2339: Property 'plan' does not exist on type '{ id: string; is_provider: boolean | null; provider_status: string | null; provider_bio: string | null; provider_website: string | null; provider_phone: string | null; provider_experience_years: number | null; ... 13 more ...; role: string | null; }'.
components/admin/users/users-list.tsx(86,64): error TS2339: Property 'plan' does not exist on type '{ id: string; is_provider: boolean | null; provider_status: string | null; provider_bio: string | null; provider_website: string | null; provider_phone: string | null; provider_experience_years: number | null; ... 13 more ...; role: string | null; }'.
components/admin/users/users-list.tsx(86,87): error TS2339: Property 'plan' does not exist on type '{ id: string; is_provider: boolean | null; provider_status: string | null; provider_bio: string | null; provider_website: string | null; provider_phone: string | null; provider_experience_years: number | null; ... 13 more ...; role: string | null; }'.
components/admin/users/users-list.tsx(87,80): error TS2339: Property 'responses_used' does not exist on type '{ id: string; is_provider: boolean | null; provider_status: string | null; provider_bio: string | null; provider_website: string | null; provider_phone: string | null; provider_experience_years: number | null; ... 13 more ...; role: string | null; }'.
components/admin/users/users-list.tsx(89,48): error TS2339: Property 'created_at' does not exist on type '{ id: string; is_provider: boolean | null; provider_status: string | null; provider_bio: string | null; provider_website: string | null; provider_phone: string | null; provider_experience_years: number | null; ... 13 more ...; role: string | null; }'.
components/chat/chat-interface-complete.tsx(20,50): error TS2339: Property 'conversations' does not exist on type '{ profiles: { Row: { id: string; is_provider: boolean | null; provider_status: string | null; provider_bio: string | null; provider_website: string | null; provider_phone: string | null; ... 14 more ...; role: string | null; }; Insert: { ...; }; Update: { ...; }; }; ... 7 more ...; portfolio_media: { ...; }; }'.
components/chat/chat-interface-complete.tsx(21,45): error TS2339: Property 'messages' does not exist on type '{ profiles: { Row: { id: string; is_provider: boolean | null; provider_status: string | null; provider_bio: string | null; provider_website: string | null; provider_phone: string | null; ... 14 more ...; role: string | null; }; Insert: { ...; }; Update: { ...; }; }; ... 7 more ...; portfolio_media: { ...; }; }'.
components/chat/chat-interface-complete.tsx(113,31): error TS2339: Property 'id' does not exist on type 'MessageWithSender'.
components/chat/chat-interface-complete.tsx(151,19): error TS2339: Property 'id' does not exist on type 'MessageWithSender'.
components/chat/chat-interface-complete.tsx(183,19): error TS2339: Property 'id' does not exist on type 'MessageWithSender'.
components/chat/chat-interface-complete.tsx(274,36): error TS2339: Property 'id' does not exist on type 'MessageWithSender'.
components/chat/chat-interface-complete.tsx(358,35): error TS2551: Property 'sender_id' does not exist on type 'MessageWithSender'. Did you mean 'sender'?
components/chat/chat-interface-complete.tsx(359,58): error TS2339: Property 'id' does not exist on type 'MessageWithSender'.
components/chat/chat-interface-complete.tsx(362,33): error TS2339: Property 'id' does not exist on type 'MessageWithSender'.
components/chat/chat-interface-complete.tsx(380,51): error TS2339: Property 'id' does not exist on type 'MessageWithSender'.
components/chat/chat-interface-complete.tsx(390,80): error TS2339: Property 'id' does not exist on type 'MessageWithSender'.
components/chat/chat-interface-complete.tsx(407,34): error TS2339: Property 'message_type' does not exist on type 'MessageWithSender'.
components/chat/chat-interface-complete.tsx(411,45): error TS2339: Property 'file_url' does not exist on type 'MessageWithSender'.
components/chat/chat-interface-complete.tsx(416,40): error TS2339: Property 'file_name' does not exist on type 'MessageWithSender'.
components/chat/chat-interface-complete.tsx(420,71): error TS2339: Property 'content' does not exist on type 'MessageWithSender'.
components/chat/chat-interface-complete.tsx(423,34): error TS2339: Property 'edited_at' does not exist on type 'MessageWithSender'.
components/chat/chat-interface-complete.tsx(435,61): error TS2339: Property 'created_at' does not exist on type 'MessageWithSender'.
components/chat/chat-interface-complete.tsx(443,34): error TS2339: Property 'is_read' does not exist on type 'MessageWithSender'.
components/chat/chat-interface-complete.tsx(452,40): error TS2339: Property 'deleted_at' does not exist on type 'MessageWithSender'.
components/chat/chat-interface-complete.tsx(459,55): error TS2339: Property 'id' does not exist on type 'MessageWithSender'.
components/chat/chat-interface-complete.tsx(460,52): error TS2339: Property 'content' does not exist on type 'MessageWithSender'.
components/chat/chat-interface-complete.tsx(469,64): error TS2339: Property 'id' does not exist on type 'MessageWithSender'.
components/chat/chat-interface-complete.tsx(508,64): error TS2339: Property 'content' does not exist on type 'MessageWithSender'.
components/chat/chat-interface.tsx(18,45): error TS2339: Property 'messages' does not exist on type '{ profiles: { Row: { id: string; is_provider: boolean | null; provider_status: string | null; provider_bio: string | null; provider_website: string | null; provider_phone: string | null; ... 14 more ...; role: string | null; }; Insert: { ...; }; Update: { ...; }; }; ... 7 more ...; portfolio_media: { ...; }; }'.
components/chat/chat-interface.tsx(25,50): error TS2339: Property 'conversations' does not exist on type '{ profiles: { Row: { id: string; is_provider: boolean | null; provider_status: string | null; provider_bio: string | null; provider_website: string | null; provider_phone: string | null; ... 14 more ...; role: string | null; }; Insert: { ...; }; Update: { ...; }; }; ... 7 more ...; portfolio_media: { ...; }; }'.
components/chat/realtime-chat.tsx(19,45): error TS2339: Property 'messages' does not exist on type '{ profiles: { Row: { id: string; is_provider: boolean | null; provider_status: string | null; provider_bio: string | null; provider_website: string | null; provider_phone: string | null; ... 14 more ...; role: string | null; }; Insert: { ...; }; Update: { ...; }; }; ... 7 more ...; portfolio_media: { ...; }; }'.
components/cms/media-manager.tsx(83,67): error TS2769: No overload matches this call.
  Overload 1 of 2, '(values: never, options?: { count?: "exact" | "planned" | "estimated" | undefined; } | undefined): PostgrestFilterBuilder<{ PostgrestVersion: "12"; }, never, never, null, "cms_media", never, "POST">', gave the following error.
    Argument of type '{ filename: string; original_name: string; file_path: string; file_size: number; mime_type: string; uploaded_by: string | undefined; }' is not assignable to parameter of type 'never'.
  Overload 2 of 2, '(values: never[], options?: { count?: "exact" | "planned" | "estimated" | undefined; defaultToNull?: boolean | undefined; } | undefined): PostgrestFilterBuilder<{ PostgrestVersion: "12"; }, never, never, null, "cms_media", never, "POST">', gave the following error.
    Object literal may only specify known properties, and 'filename' does not exist in type 'never[]'.
components/cms/media-manager.tsx(117,65): error TS2345: Argument of type '{ alt_text?: string | undefined; description?: string | undefined; }' is not assignable to parameter of type 'never'.
components/cms/menus-management.tsx(69,19): error TS2345: Argument of type '{ updated_at: string; id?: string | undefined; menu_key?: string | undefined; title?: string | undefined; items?: MenuItem[] | undefined; is_active?: boolean | undefined; created_at?: string | undefined; }' is not assignable to parameter of type 'never'.
components/cms/menus-management.tsx(77,60): error TS2769: No overload matches this call.
  Overload 1 of 2, '(values: never, options?: { count?: "exact" | "planned" | "estimated" | undefined; } | undefined): PostgrestFilterBuilder<{ PostgrestVersion: "12"; }, never, never, null, "cms_menus", never, "POST">', gave the following error.
    Argument of type '{ created_by: string | undefined; id?: string | undefined; menu_key?: string | undefined; title?: string | undefined; items?: MenuItem[] | undefined; is_active?: boolean | undefined; created_at?: string | undefined; updated_at?: string | undefined; }' is not assignable to parameter of type 'never'.
  Overload 2 of 2, '(values: never[], options?: { count?: "exact" | "planned" | "estimated" | undefined; defaultToNull?: boolean | undefined; } | undefined): PostgrestFilterBuilder<{ PostgrestVersion: "12"; }, never, never, null, "cms_menus", never, "POST">', gave the following error.
    Object literal may only specify known properties, and 'created_by' does not exist in type 'never[]'.
components/cms/menus-management.tsx(107,17): error TS2345: Argument of type '{ is_active: boolean; updated_at: string; }' is not assignable to parameter of type 'never'.
components/cms/pages-management.tsx(98,50): error TS2769: No overload matches this call.
  Overload 1 of 2, '(values: never, options?: { count?: "exact" | "planned" | "estimated" | undefined; } | undefined): PostgrestFilterBuilder<{ PostgrestVersion: "12"; }, never, never, null, "cms_page_versions", never, "POST">', gave the following error.
    Argument of type '{ page_id: string; version_number: number; title: string; content: string | null; meta_title: string | null; meta_description: string | null; }' is not assignable to parameter of type 'never'.
  Overload 2 of 2, '(values: never[], options?: { count?: "exact" | "planned" | "estimated" | undefined; defaultToNull?: boolean | undefined; } | undefined): PostgrestFilterBuilder<{ PostgrestVersion: "12"; }, never, never, null, "cms_page_versions", never, "POST">', gave the following error.
    Object literal may only specify known properties, and 'page_id' does not exist in type 'never[]'.
components/cms/pages-management.tsx(110,19): error TS2345: Argument of type '{ updated_at: string; id?: string | undefined; title?: string | undefined; slug?: string | undefined; content?: string | null | undefined; meta_title?: string | null | undefined; meta_description?: string | ... 1 more ... | undefined; status?: "published" | ... 3 more ... | undefined; scheduled_at?: string | ... 1 m...' is not assignable to parameter of type 'never'.
components/cms/pages-management.tsx(119,60): error TS2769: No overload matches this call.
  Overload 1 of 2, '(values: never, options?: { count?: "exact" | "planned" | "estimated" | undefined; } | undefined): PostgrestFilterBuilder<{ PostgrestVersion: "12"; }, never, never, null, "cms_pages", never, "POST">', gave the following error.
    Argument of type '{ created_by: string | undefined; id?: string | undefined; title?: string | undefined; slug?: string | undefined; content?: string | null | undefined; meta_title?: string | null | undefined; ... 5 more ...; updated_at?: string | undefined; }' is not assignable to parameter of type 'never'.
  Overload 2 of 2, '(values: never[], options?: { count?: "exact" | "planned" | "estimated" | undefined; defaultToNull?: boolean | undefined; } | undefined): PostgrestFilterBuilder<{ PostgrestVersion: "12"; }, never, never, null, "cms_pages", never, "POST">', gave the following error.
    Object literal may only specify known properties, and 'created_by' does not exist in type 'never[]'.
components/cms/pages-management.tsx(153,24): error TS2339: Property 'version_number' does not exist on type 'never'.
components/cms/sections-management.tsx(63,19): error TS2345: Argument of type '{ updated_at: string; id?: string | undefined; section_key?: string | undefined; title?: string | undefined; content?: any; is_active?: boolean | undefined; created_at?: string | undefined; }' is not assignable to parameter of type 'never'.
components/cms/sections-management.tsx(71,63): error TS2769: No overload matches this call.
  Overload 1 of 2, '(values: never, options?: { count?: "exact" | "planned" | "estimated" | undefined; } | undefined): PostgrestFilterBuilder<{ PostgrestVersion: "12"; }, never, never, null, "cms_sections", never, "POST">', gave the following error.
    Argument of type '{ created_by: string | undefined; id?: string | undefined; section_key?: string | undefined; title?: string | undefined; content?: any; is_active?: boolean | undefined; created_at?: string | undefined; updated_at?: string | undefined; }' is not assignable to parameter of type 'never'.
  Overload 2 of 2, '(values: never[], options?: { count?: "exact" | "planned" | "estimated" | undefined; defaultToNull?: boolean | undefined; } | undefined): PostgrestFilterBuilder<{ PostgrestVersion: "12"; }, never, never, null, "cms_sections", never, "POST">', gave the following error.
    Object literal may only specify known properties, and 'created_by' does not exist in type 'never[]'.
components/cms/sections-management.tsx(101,17): error TS2345: Argument of type '{ is_active: boolean; updated_at: string; }' is not assignable to parameter of type 'never'.
components/dashboard/billing-view.tsx(115,61): error TS2339: Property 'user_type' does not exist on type 'never'.
components/dashboard/billing-view.tsx(115,90): error TS2339: Property 'user_type' does not exist on type 'never'.
components/dashboard/billing-view.tsx(126,23): error TS2339: Property 'contact_views_limit' does not exist on type 'never'.
components/dashboard/billing-view.tsx(127,28): error TS2339: Property 'contact_views_limit' does not exist on type 'never'.
components/dashboard/billing-view.tsx(127,72): error TS2339: Property 'contact_views_limit' does not exist on type 'never'.
components/dashboard/billing-view.tsx(127,113): error TS2339: Property 'reset_period' does not exist on type 'never'.
components/dashboard/billing-view.tsx(129,23): error TS2339: Property 'proposals_limit' does not exist on type 'never'.
components/dashboard/billing-view.tsx(130,28): error TS2339: Property 'proposals_limit' does not exist on type 'never'.
components/dashboard/billing-view.tsx(130,68): error TS2339: Property 'proposals_limit' does not exist on type 'never'.
components/dashboard/billing-view.tsx(130,101): error TS2339: Property 'reset_period' does not exist on type 'never'.
components/dashboard/billing-view.tsx(132,23): error TS2339: Property 'gig_responses_limit' does not exist on type 'never'.
components/dashboard/billing-view.tsx(133,28): error TS2339: Property 'gig_responses_limit' does not exist on type 'never'.
components/dashboard/billing-view.tsx(133,72): error TS2339: Property 'gig_responses_limit' does not exist on type 'never'.
components/dashboard/billing-view.tsx(133,113): error TS2339: Property 'reset_period' does not exist on type 'never'.
components/dashboard/billing-view.tsx(136,23): error TS2339: Property 'has_search_boost' does not exist on type 'never'.
components/dashboard/billing-view.tsx(137,23): error TS2339: Property 'has_profile_highlight' does not exist on type 'never'.
components/dashboard/billing-view.tsx(140,23): error TS2339: Property 'features' does not exist on type 'never'.
components/dashboard/billing-view.tsx(140,44): error TS2339: Property 'features' does not exist on type 'never'.
components/dashboard/billing-view.tsx(141,38): error TS2339: Property 'features' does not exist on type 'never'.
components/dashboard/billing-view.tsx(149,27): error TS2339: Property 'plan_tier' does not exist on type 'never'.
components/dashboard/billing-view.tsx(150,30): error TS2339: Property 'badge_text' does not exist on type 'never'.
components/dashboard/billing-view.tsx(150,46): error TS2339: Property 'plan_tier' does not exist on type 'never'.
components/dashboard/billing-view.tsx(150,86): error TS2339: Property 'badge_text' does not exist on type 'never'.
components/dashboard/billing-view.tsx(150,102): error TS2339: Property 'plan_tier' does not exist on type 'never'.
components/dashboard/billing-view.tsx(151,37): error TS2339: Property 'price' does not exist on type 'never'.
components/dashboard/billing-view.tsx(153,36): error TS2339: Property 'plan_tier' does not exist on type 'never'.
components/dashboard/billing-view.tsx(154,27): error TS2339: Property 'plan_tier' does not exist on type 'never'.
components/dashboard/billing-view.tsx(155,31): error TS2339: Property 'plan_tier' does not exist on type 'never'.
components/dashboard/billing-view.tsx(247,39): error TS2339: Property 'amount' does not exist on type 'never'.
components/dashboard/billing-view.tsx(248,24): error TS2339: Property 'type' does not exist on type 'never'.
components/dashboard/billing-view.tsx(249,24): error TS2339: Property 'type' does not exist on type 'never'.
components/dashboard/billing-view.tsx(256,44): error TS2339: Property 'metadata' does not exist on type 'never'.
components/dashboard/billing-view.tsx(256,82): error TS2339: Property 'metadata' does not exist on type 'never'.
components/dashboard/billing-view.tsx(256,97): error TS2339: Property 'metadata' does not exist on type 'never'.
components/dashboard/billing-view.tsx(289,53): error TS2769: No overload matches this call.
  Overload 1 of 2, '(values: never, options?: { count?: "exact" | "planned" | "estimated" | undefined; } | undefined): PostgrestFilterBuilder<{ PostgrestVersion: "12"; }, never, never, null, "transactions", never, "POST">', gave the following error.
    Argument of type '{ user_id: string; amount: number; type: string; status: string; user_type: "provider" | "client"; description: string; currency: string; metadata: { payment_source: string; is_system: boolean; }; }' is not assignable to parameter of type 'never'.
  Overload 2 of 2, '(values: never[], options?: { count?: "exact" | "planned" | "estimated" | undefined; defaultToNull?: boolean | undefined; } | undefined): PostgrestFilterBuilder<{ PostgrestVersion: "12"; }, never, never, null, "transactions", never, "POST">', gave the following error.
    Object literal may only specify known properties, and 'user_id' does not exist in type 'never[]'.
components/dashboard/billing-view.tsx(304,53): error TS2769: No overload matches this call.
  Overload 1 of 2, '(values: never, options?: { count?: "exact" | "planned" | "estimated" | undefined; } | undefined): PostgrestFilterBuilder<{ PostgrestVersion: "12"; }, never, never, null, "transactions", never, "POST">', gave the following error.
    Argument of type '{ user_id: string; amount: number; type: string; status: string; user_type: "provider" | "client"; description: string; currency: string; metadata: { payment_source: string; stripe_payment_intent: string; is_system: boolean; is_internal: boolean; }; }' is not assignable to parameter of type 'never'.
  Overload 2 of 2, '(values: never[], options?: { count?: "exact" | "planned" | "estimated" | undefined; defaultToNull?: boolean | undefined; } | undefined): PostgrestFilterBuilder<{ PostgrestVersion: "12"; }, never, never, null, "transactions", never, "POST">', gave the following error.
    Object literal may only specify known properties, and 'user_id' does not exist in type 'never[]'.
components/dashboard/billing-view.tsx(315,53): error TS2769: No overload matches this call.
  Overload 1 of 2, '(values: never, options?: { count?: "exact" | "planned" | "estimated" | undefined; } | undefined): PostgrestFilterBuilder<{ PostgrestVersion: "12"; }, never, never, null, "transactions", never, "POST">', gave the following error.
    Argument of type '{ user_id: string; amount: number; type: string; status: string; user_type: "provider" | "client"; description: string; currency: string; metadata: { payment_source: string; is_system: boolean; }; }' is not assignable to parameter of type 'never'.
  Overload 2 of 2, '(values: never[], options?: { count?: "exact" | "planned" | "estimated" | undefined; defaultToNull?: boolean | undefined; } | undefined): PostgrestFilterBuilder<{ PostgrestVersion: "12"; }, never, never, null, "transactions", never, "POST">', gave the following error.
    Object literal may only specify known properties, and 'user_id' does not exist in type 'never[]'.
components/dashboard/billing-view.tsx(330,25): error TS2345: Argument of type '{ plan: string; }' is not assignable to parameter of type 'never'.
components/dashboard/billing-view.tsx(345,55): error TS2769: No overload matches this call.
  Overload 1 of 2, '(values: never, options?: { onConflict?: string | undefined; ignoreDuplicates?: boolean | undefined; count?: "exact" | "planned" | "estimated" | undefined; } | undefined): PostgrestFilterBuilder<{ ...; }, ... 5 more ..., "POST">', gave the following error.
    Argument of type '{ user_id: string; plan_id: string; status: string; current_period_start: string; current_period_end: string; updated_at: string; }' is not assignable to parameter of type 'never'.
  Overload 2 of 2, '(values: never[], options?: { onConflict?: string | undefined; ignoreDuplicates?: boolean | undefined; count?: "exact" | "planned" | "estimated" | undefined; defaultToNull?: boolean | undefined; } | undefined): PostgrestFilterBuilder<...>', gave the following error.
    Object literal may only specify known properties, and 'user_id' does not exist in type 'never[]'.
components/dashboard/billing-view.tsx(373,102): error TS2322: Type 'string | undefined' is not assignable to type 'string | number | Date'.
  Type 'undefined' is not assignable to type 'string | number | Date'.
components/dashboard/billing-view.tsx(433,67): error TS2769: No overload matches this call.
  Overload 1 of 2, '(values: never, options?: { count?: "exact" | "planned" | "estimated" | undefined; } | undefined): PostgrestFilterBuilder<{ PostgrestVersion: "12"; }, never, never, null, "transactions", never, "POST">', gave the following error.
    Argument of type '{ user_id: string | undefined; amount: number; type: string; status: string; user_type: "provider" | "client"; description: string; currency: string; }' is not assignable to parameter of type 'never'.
  Overload 2 of 2, '(values: never[], options?: { count?: "exact" | "planned" | "estimated" | undefined; defaultToNull?: boolean | undefined; } | undefined): PostgrestFilterBuilder<{ PostgrestVersion: "12"; }, never, never, null, "transactions", never, "POST">', gave the following error.
    Object literal may only specify known properties, and 'user_id' does not exist in type 'never[]'.
components/dashboard/billing-view.tsx(796,42): error TS2769: No overload matches this call.
  Overload 1 of 2, '(values: never, options?: { count?: "exact" | "planned" | "estimated" | undefined; } | undefined): PostgrestFilterBuilder<{ PostgrestVersion: "12"; }, never, never, null, "payment_methods", never, "POST">', gave the following error.
    Argument of type '{ user_id: string | undefined; type: string; provider: string; last4: string; brand: string; expiry_date: string; is_default: boolean; }' is not assignable to parameter of type 'never'.
  Overload 2 of 2, '(values: never[], options?: { count?: "exact" | "planned" | "estimated" | undefined; defaultToNull?: boolean | undefined; } | undefined): PostgrestFilterBuilder<{ PostgrestVersion: "12"; }, never, never, null, "payment_methods", never, "POST">', gave the following error.
    Object literal may only specify known properties, and 'user_id' does not exist in type 'never[]'.
components/dashboard/client-emergency-list-view.tsx(65,34): error TS2345: Argument of type 'string | undefined' is not assignable to parameter of type '{}'.
  Type 'undefined' is not assignable to type '{}'.
components/dashboard/dashboard-header.tsx(55,46): error TS2345: Argument of type '{ is_online: boolean; last_active: string; }' is not assignable to parameter of type 'never'.
components/dashboard/enhanced-client-dashboard.tsx(33,41): error TS2339: Property 'gigs' does not exist on type '{ profiles: { Row: { id: string; is_provider: boolean | null; provider_status: string | null; provider_bio: string | null; provider_website: string | null; provider_phone: string | null; ... 14 more ...; role: string | null; }; Insert: { ...; }; Update: { ...; }; }; ... 7 more ...; portfolio_media: { ...; }; }'.
components/dashboard/enhanced-client-dashboard.tsx(34,49): error TS2339: Property 'gig_responses' does not exist on type '{ profiles: { Row: { id: string; is_provider: boolean | null; provider_status: string | null; provider_bio: string | null; provider_website: string | null; provider_phone: string | null; ... 14 more ...; role: string | null; }; Insert: { ...; }; Update: { ...; }; }; ... 7 more ...; portfolio_media: { ...; }; }'.
components/dashboard/enhanced-client-dashboard.tsx(114,45): error TS2339: Property 'id' does not exist on type 'never'.
components/dashboard/enhanced-client-dashboard.tsx(129,52): error TS2339: Property 'gigs' does not exist on type 'never'.
components/dashboard/enhanced-client-dashboard.tsx(136,47): error TS2339: Property 'status' does not exist on type 'never'.
components/dashboard/enhanced-client-dashboard.tsx(136,74): error TS2339: Property 'status' does not exist on type 'never'.
components/dashboard/enhanced-client-dashboard.tsx(137,50): error TS2339: Property 'status' does not exist on type 'never'.
components/dashboard/enhanced-client-dashboard.tsx(174,19): error TS2339: Property 'id' does not exist on type 'never'.
components/dashboard/enhanced-client-dashboard.tsx(175,26): error TS2339: Property 'full_name' does not exist on type 'never'.
components/dashboard/enhanced-client-dashboard.tsx(176,20): error TS2339: Property 'bio' does not exist on type 'never'.
components/dashboard/enhanced-client-dashboard.tsx(177,27): error TS2339: Property 'avatar_url' does not exist on type 'never'.
components/dashboard/enhanced-client-dashboard.tsx(178,30): error TS2339: Property 'total_reviews' does not exist on type 'never'.
components/dashboard/enhanced-client-dashboard.tsx(179,23): error TS2339: Property 'rating' does not exist on type 'never'.
components/dashboard/enhanced-client-dashboard.tsx(181,28): error TS2339: Property 'hourly_rate' does not exist on type 'never'.
components/dashboard/enhanced-client-dashboard.tsx(590,17): error TS2339: Property 'user_type' does not exist on type 'Profile'.
components/dashboard/feedback-form.tsx(52,18): error TS2769: No overload matches this call.
  Overload 1 of 2, '(values: never, options?: { count?: "exact" | "planned" | "estimated" | undefined; } | undefined): PostgrestFilterBuilder<{ PostgrestVersion: "12"; }, never, never, null, "user_feedback", never, "POST">', gave the following error.
    Argument of type '{ user_id: string; category: string; subject: string; message: string; rating: number; status: string; }' is not assignable to parameter of type 'never'.
  Overload 2 of 2, '(values: never[], options?: { count?: "exact" | "planned" | "estimated" | undefined; defaultToNull?: boolean | undefined; } | undefined): PostgrestFilterBuilder<{ PostgrestVersion: "12"; }, never, never, null, "user_feedback", never, "POST">', gave the following error.
    Object literal may only specify known properties, and 'user_id' does not exist in type 'never[]'.
components/dashboard/feedback-form.tsx(72,26): error TS2339: Property 'id' does not exist on type 'never'.
components/dashboard/gig-card.tsx(8,41): error TS2339: Property 'gigs' does not exist on type '{ profiles: { Row: { id: string; is_provider: boolean | null; provider_status: string | null; provider_bio: string | null; provider_website: string | null; provider_phone: string | null; ... 14 more ...; role: string | null; }; Insert: { ...; }; Update: { ...; }; }; ... 7 more ...; portfolio_media: { ...; }; }'.
components/dashboard/header.tsx(10,30): error TS2307: Cannot find module 'next-auth' or its corresponding type declarations.
components/dashboard/payments-view.tsx(67,44): error TS2339: Property 'metadata' does not exist on type 'never'.
components/dashboard/payments-view.tsx(67,82): error TS2339: Property 'metadata' does not exist on type 'never'.
components/dashboard/payments-view.tsx(67,97): error TS2339: Property 'metadata' does not exist on type 'never'.
components/dashboard/payments-view.tsx(75,44): error TS2339: Property 'metadata' does not exist on type 'never'.
components/dashboard/payments-view.tsx(75,82): error TS2339: Property 'metadata' does not exist on type 'never'.
components/dashboard/payments-view.tsx(75,97): error TS2339: Property 'metadata' does not exist on type 'never'.
components/dashboard/payments-view.tsx(80,34): error TS2339: Property 'type' does not exist on type 'never'.
components/dashboard/payments-view.tsx(80,57): error TS2339: Property 'status' does not exist on type 'never'.
components/dashboard/payments-view.tsx(81,54): error TS2339: Property 'amount' does not exist on type 'never'.
components/dashboard/payments-view.tsx(84,34): error TS2339: Property 'type' does not exist on type 'never'.
components/dashboard/payments-view.tsx(84,56): error TS2339: Property 'status' does not exist on type 'never'.
components/dashboard/payments-view.tsx(85,54): error TS2339: Property 'amount' does not exist on type 'never'.
components/dashboard/payments-view.tsx(88,34): error TS2339: Property 'status' does not exist on type 'never'.
components/dashboard/payments-view.tsx(89,54): error TS2339: Property 'amount' does not exist on type 'never'.
components/dashboard/settings-view.tsx(73,51): error TS2339: Property 'push_notifications' does not exist on type 'never'.
components/dashboard/settings-view.tsx(74,52): error TS2339: Property 'email_notifications' does not exist on type 'never'.
components/dashboard/settings-view.tsx(75,44): error TS2339: Property 'gig_created' does not exist on type 'never'.
components/dashboard/settings-view.tsx(76,45): error TS2339: Property 'gig_approved' does not exist on type 'never'.
components/dashboard/settings-view.tsx(77,45): error TS2339: Property 'gig_rejected' does not exist on type 'never'.
components/dashboard/settings-view.tsx(78,50): error TS2339: Property 'response_received' does not exist on type 'never'.
components/dashboard/settings-view.tsx(79,50): error TS2339: Property 'response_accepted' does not exist on type 'never'.
components/dashboard/settings-view.tsx(80,47): error TS2339: Property 'contact_viewed' does not exist on type 'never'.
components/dashboard/settings-view.tsx(81,49): error TS2339: Property 'marketing_emails' does not exist on type 'never'.
components/dashboard/settings-view.tsx(122,74): error TS2769: No overload matches this call.
  Overload 1 of 2, '(values: never, options?: { onConflict?: string | undefined; ignoreDuplicates?: boolean | undefined; count?: "exact" | "planned" | "estimated" | undefined; } | undefined): PostgrestFilterBuilder<{ ...; }, ... 5 more ..., "POST">', gave the following error.
    Argument of type '{ user_id: string; push_notifications: boolean; updated_at: string; }' is not assignable to parameter of type 'never'.
  Overload 2 of 2, '(values: never[], options?: { onConflict?: string | undefined; ignoreDuplicates?: boolean | undefined; count?: "exact" | "planned" | "estimated" | undefined; defaultToNull?: boolean | undefined; } | undefined): PostgrestFilterBuilder<...>', gave the following error.
    Object literal may only specify known properties, and 'user_id' does not exist in type 'never[]'.
components/dashboard/settings-view.tsx(142,81): error TS2339: Property 'token' does not exist on type 'never'.
components/dashboard/settings-view.tsx(146,70): error TS2769: No overload matches this call.
  Overload 1 of 2, '(values: never, options?: { onConflict?: string | undefined; ignoreDuplicates?: boolean | undefined; count?: "exact" | "planned" | "estimated" | undefined; } | undefined): PostgrestFilterBuilder<{ ...; }, ... 5 more ..., "POST">', gave the following error.
    Argument of type '{ user_id: string; push_notifications: boolean; updated_at: string; }' is not assignable to parameter of type 'never'.
  Overload 2 of 2, '(values: never[], options?: { onConflict?: string | undefined; ignoreDuplicates?: boolean | undefined; count?: "exact" | "planned" | "estimated" | undefined; defaultToNull?: boolean | undefined; } | undefined): PostgrestFilterBuilder<...>', gave the following error.
    Object literal may only specify known properties, and 'user_id' does not exist in type 'never[]'.
components/dashboard/settings-view.tsx(164,96): error TS2769: No overload matches this call.
  Overload 1 of 2, '(values: never, options?: { onConflict?: string | undefined; ignoreDuplicates?: boolean | undefined; count?: "exact" | "planned" | "estimated" | undefined; } | undefined): PostgrestFilterBuilder<{ ...; }, ... 5 more ..., "POST">', gave the following error.
    Argument of type '{ updated_at: string; push_notifications: boolean; email_notifications: boolean; gig_created: boolean; gig_approved: boolean; gig_rejected: boolean; response_received: boolean; response_accepted: boolean; contact_viewed: boolean; marketing_emails: boolean; user_id: string; }' is not assignable to parameter of type 'never'.
  Overload 2 of 2, '(values: never[], options?: { onConflict?: string | undefined; ignoreDuplicates?: boolean | undefined; count?: "exact" | "planned" | "estimated" | undefined; defaultToNull?: boolean | undefined; } | undefined): PostgrestFilterBuilder<...>', gave the following error.
    Object literal may only specify known properties, and 'updated_at' does not exist in type 'never[]'.
components/dashboard/user-nav.tsx(21,54): error TS2339: Property 'isAdmin' does not exist on type 'AuthContextType'.
components/debug/push-notification-debug.tsx(72,50): error TS2339: Property 'token' does not exist on type 'never'.
components/debug/push-notification-debug.tsx(72,93): error TS2339: Property 'is_active' does not exist on type 'never'.
components/diagnostic/auth-diagnostic.tsx(20,26): error TS2339: Property 'session' does not exist on type 'AuthContextType'.
components/diagnostic/auth-diagnostic.tsx(59,25): error TS2339: Property 'data' does not exist on type '{ success: boolean; error: string; responseTime: number; needsRLSFix: boolean; details: PostgrestError; count?: undefined; message?: undefined; } | { success: boolean; error: string; ... 4 more ...; message?: undefined; } | { ...; } | { ...; }'.
  Property 'data' does not exist on type '{ success: boolean; error: string; responseTime: number; needsRLSFix: boolean; details: PostgrestError; count?: undefined; message?: undefined; }'.
components/diagnostic/complete-system-diagnostic.tsx(556,80): error TS2322: Type '{ children: "high" | "low" | "medium" | "critical"; variant: "default" | "destructive" | "secondary"; size: string; }' is not assignable to type 'IntrinsicAttributes & BadgeProps'.
  Property 'size' does not exist on type 'IntrinsicAttributes & BadgeProps'.
components/diagnostic/complete-system-diagnostic.tsx(646,55): error TS2774: This condition will always return true since this function is always defined. Did you mean to call it instead?
components/diagnostic/complete-system-diagnostic.tsx(647,26): error TS2774: This condition will always return true since this function is always defined. Did you mean to call it instead?
components/diagnostic/emergency-fix.tsx(59,99): error TS2345: Argument of type '{ user_email: string; }' is not assignable to parameter of type 'undefined'.
components/diagnostic/emergency-fix.tsx(67,59): error TS2339: Property 'email' does not exist on type 'never'.
components/diagnostic/login-diagnostic.tsx(13,26): error TS2339: Property 'session' does not exist on type 'AuthContextType'.
components/diagnostic/login-diagnostic.tsx(13,51): error TS2339: Property 'retryConnection' does not exist on type 'AuthContextType'.
components/diagnostic/login-diagnostic.tsx(156,14): error TS2322: Type 'string' is not assignable to type '"default" | "destructive" | "outline" | "secondary" | null | undefined'.
components/diagnostic/rls-diagnostic.tsx(101,95): error TS2345: Argument of type '{ table_name: string; }' is not assignable to parameter of type 'undefined'.
components/diagnostic/rls-diagnostic.tsx(133,74): error TS2769: No overload matches this call.
  Overload 1 of 2, '(values: never, options?: { onConflict?: string | undefined; ignoreDuplicates?: boolean | undefined; count?: "exact" | "planned" | "estimated" | undefined; } | undefined): PostgrestFilterBuilder<{ ...; }, ... 5 more ..., "POST">', gave the following error.
    Argument of type '{ id: string; email: string | undefined; full_name: string; role: string; }' is not assignable to parameter of type 'never'.
  Overload 2 of 2, '(values: never[], options?: { onConflict?: string | undefined; ignoreDuplicates?: boolean | undefined; count?: "exact" | "planned" | "estimated" | undefined; defaultToNull?: boolean | undefined; } | undefined): PostgrestFilterBuilder<...>', gave the following error.
    Object literal may only specify known properties, and 'id' does not exist in type 'never[]'.
components/diagnostic/rls-diagnostic.tsx(173,65): error TS2345: Argument of type '{ sql: string; }' is not assignable to parameter of type 'undefined'.
components/gigs/contact-view-button.tsx(262,44): error TS2339: Property 'responses_used' does not exist on type 'Profile'.
components/gigs/contact-view-button.tsx(321,55): error TS2339: Property 'responses_used' does not exist on type 'Profile'.
components/gigs/create-gig-form.tsx(302,80): error TS7006: Parameter 'results' implicitly has an 'any' type.
components/gigs/create-gig-form.tsx(302,89): error TS7006: Parameter 'status' implicitly has an 'any' type.
components/gigs/create-gig-form.tsx(378,67): error TS2769: No overload matches this call.
  Overload 1 of 2, '(values: never, options?: { count?: "exact" | "planned" | "estimated" | undefined; } | undefined): PostgrestFilterBuilder<{ PostgrestVersion: "12"; }, never, never, null, "gigs", never, "POST">', gave the following error.
    Argument of type '{ title: string; description: string; category: string; author_id: string; price: number; location: string | undefined; lat: number | undefined; lng: number | undefined; requirements: string[]; status: string; }' is not assignable to parameter of type 'never'.
  Overload 2 of 2, '(values: never[], options?: { count?: "exact" | "planned" | "estimated" | undefined; defaultToNull?: boolean | undefined; } | undefined): PostgrestFilterBuilder<{ PostgrestVersion: "12"; }, never, never, null, "gigs", never, "POST">', gave the following error.
    Object literal may only specify known properties, and 'title' does not exist in type 'never[]'.
components/gigs/create-gig-form.tsx(402,20): error TS2339: Property 'id' does not exist on type 'never'.
components/gigs/create-gig-form.tsx(413,23): error TS2339: Property 'id' does not exist on type 'never'.
components/gigs/create-gig-form.tsx(659,47): error TS2322: Type 'string | undefined' is not assignable to type 'string | number | Date'.
  Type 'undefined' is not assignable to type 'string | number | Date'.
components/gigs/create-gig-form.tsx(659,78): error TS2322: Type 'string | undefined' is not assignable to type 'string | number | Date'.
  Type 'undefined' is not assignable to type 'string | number | Date'.
components/gigs/create-gig-form.tsx(736,11): error TS2739: Type '{ title: string; tags: string[]; price: number; description: string; mainCategoryId: string; deliveryTime: number; location?: string | undefined; lat?: number | undefined; lng?: number | undefined; serviceId?: string | undefined; requirements?: string | undefined; subgroupId?: string | undefined; }' is missing the following properties from type 'GigData': category, subcategory
components/gigs/gig-review-modal.tsx(49,34): error TS2554: Expected 2 arguments, but got 1.
components/icons.tsx(46,26): error TS2749: 'LucideProps' refers to a value, but is being used as a type here. Did you mean 'typeof LucideProps'?
components/jobs/complete-job-modal.tsx(201,38): error TS2304: Cannot find name 'handleSubmit'.
components/payments/payment-modal.tsx(18,49): error TS2339: Property 'gig_responses' does not exist on type '{ profiles: { Row: { id: string; is_provider: boolean | null; provider_status: string | null; provider_bio: string | null; provider_website: string | null; provider_phone: string | null; ... 14 more ...; role: string | null; }; Insert: { ...; }; Update: { ...; }; }; ... 7 more ...; portfolio_media: { ...; }; }'.
components/payments/payment-modal.tsx(19,41): error TS2339: Property 'gigs' does not exist on type '{ profiles: { Row: { id: string; is_provider: boolean | null; provider_status: string | null; provider_bio: string | null; provider_website: string | null; provider_phone: string | null; ... 14 more ...; role: string | null; }; Insert: { ...; }; Update: { ...; }; }; ... 7 more ...; portfolio_media: { ...; }; }'.
components/payments/payment-modal.tsx(77,23): error TS18047: 'data' is possibly 'null'.
components/payments/payment-modal.tsx(78,20): error TS18047: 'data' is possibly 'null'.
components/payments/payment-modal.tsx(78,25): error TS2339: Property 'payment_id' does not exist on type 'PaymentIntent'.
components/profile/client-profile.tsx(127,66): error TS18047: 'profile.email' is possibly 'null'.
components/profile/client-profile.tsx(158,36): error TS2322: Type 'string | null' is not assignable to type 'string | number | readonly string[] | undefined'.
  Type 'null' is not assignable to type 'string | number | readonly string[] | undefined'.
components/proposals/create-proposal-modal.tsx(20,41): error TS2339: Property 'gigs' does not exist on type '{ profiles: { Row: { id: string; is_provider: boolean | null; provider_status: string | null; provider_bio: string | null; provider_website: string | null; provider_phone: string | null; ... 14 more ...; role: string | null; }; Insert: { ...; }; Update: { ...; }; }; ... 7 more ...; portfolio_media: { ...; }; }'.
components/proposals/create-proposal-modal.tsx(21,54): error TS2339: Property 'proposal_templates' does not exist on type '{ profiles: { Row: { id: string; is_provider: boolean | null; provider_status: string | null; provider_bio: string | null; provider_website: string | null; provider_phone: string | null; ... 14 more ...; role: string | null; }; Insert: { ...; }; Update: { ...; }; }; ... 7 more ...; portfolio_media: { ...; }; }'.
components/provider/document-upload.tsx(103,11): error TS2353: Object literal may only specify known properties, and 'onUploadProgress' does not exist in type 'FileOptions'.
components/provider/document-upload.tsx(103,30): error TS7006: Parameter 'progress' implicitly has an 'any' type.
components/provider/document-upload.tsx(114,76): error TS2769: No overload matches this call.
  Overload 1 of 2, '(values: never, options?: { count?: "exact" | "planned" | "estimated" | undefined; } | undefined): PostgrestFilterBuilder<{ PostgrestVersion: "12"; }, never, never, null, "provider_documents", never, "POST">', gave the following error.
    Argument of type '{ provider_id: string; document_type: string; document_name: string; document_url: string; status: string; }[]' is not assignable to parameter of type 'never'.
  Overload 2 of 2, '(values: never[], options?: { count?: "exact" | "planned" | "estimated" | undefined; defaultToNull?: boolean | undefined; } | undefined): PostgrestFilterBuilder<{ PostgrestVersion: "12"; }, never, never, null, "provider_documents", never, "POST">', gave the following error.
    Type '{ provider_id: string; document_type: string; document_name: string; document_url: string; status: string; }' is not assignable to type 'never'.
components/provider/emergency-response-view.tsx(72,18): error TS2769: No overload matches this call.
  Overload 1 of 2, '(values: never, options?: { count?: "exact" | "planned" | "estimated" | undefined; } | undefined): PostgrestFilterBuilder<{ PostgrestVersion: "12"; }, never, never, null, "emergency_responses", never, "POST">', gave the following error.
    Argument of type '{ emergency_id: string; provider_id: string; quote_details: { price_per_hour: number; min_hours: number; eta: string; }; status: string; }' is not assignable to parameter of type 'never'.
  Overload 2 of 2, '(values: never[], options?: { count?: "exact" | "planned" | "estimated" | undefined; defaultToNull?: boolean | undefined; } | undefined): PostgrestFilterBuilder<{ PostgrestVersion: "12"; }, never, never, null, "emergency_responses", never, "POST">', gave the following error.
    Object literal may only specify known properties, and 'emergency_id' does not exist in type 'never[]'.
components/provider/emergency-response-view.tsx(104,25): error TS2345: Argument of type '{ status: string; }' is not assignable to parameter of type 'never'.
components/provider/provider-dashboard.tsx(14,41): error TS2339: Property 'gigs' does not exist on type '{ profiles: { Row: { id: string; is_provider: boolean | null; provider_status: string | null; provider_bio: string | null; provider_website: string | null; provider_phone: string | null; ... 14 more ...; role: string | null; }; Insert: { ...; }; Update: { ...; }; }; ... 7 more ...; portfolio_media: { ...; }; }'.
components/provider/provider-dashboard.tsx(15,49): error TS2339: Property 'gig_responses' does not exist on type '{ profiles: { Row: { id: string; is_provider: boolean | null; provider_status: string | null; provider_bio: string | null; provider_website: string | null; provider_phone: string | null; ... 14 more ...; role: string | null; }; Insert: { ...; }; Update: { ...; }; }; ... 7 more ...; portfolio_media: { ...; }; }'.
components/provider/provider-dashboard.tsx(52,62): error TS2339: Property 'categories' does not exist on type 'never'.
components/provider/provider-dashboard.tsx(58,63): error TS2339: Property 'category_id' does not exist on type 'never'.
components/provider/provider-dashboard.tsx(131,77): error TS2339: Property 'price' does not exist on type 'never'.
components/provider/provider-dashboard.tsx(137,39): error TS2339: Property 'rating' does not exist on type 'never'.
components/provider/provider-dashboard.tsx(161,10): error TS2769: No overload matches this call.
  Overload 1 of 2, '(values: never, options?: { count?: "exact" | "planned" | "estimated" | undefined; } | undefined): PostgrestFilterBuilder<{ PostgrestVersion: "12"; }, never, never, null, "gig_responses", never, "POST">', gave the following error.
    Argument of type '{ gig_id: string; responder_id: string; status: string; message: string; }' is not assignable to parameter of type 'never'.
  Overload 2 of 2, '(values: never[], options?: { count?: "exact" | "planned" | "estimated" | undefined; defaultToNull?: boolean | undefined; } | undefined): PostgrestFilterBuilder<{ PostgrestVersion: "12"; }, never, never, null, "gig_responses", never, "POST">', gave the following error.
    Object literal may only specify known properties, and 'gig_id' does not exist in type 'never[]'.
components/provider/provider-profile.tsx(198,54): error TS7006: Parameter 'results' implicitly has an 'any' type.
components/provider/provider-profile.tsx(198,63): error TS7006: Parameter 'status' implicitly has an 'any' type.
components/provider/provider-profile.tsx(264,80): error TS2769: No overload matches this call.
  Overload 1 of 2, '(values: never, options?: { count?: "exact" | "planned" | "estimated" | undefined; } | undefined): PostgrestFilterBuilder<{ PostgrestVersion: "12"; }, never, never, null, "provider_documents", never, "POST">', gave the following error.
    Argument of type '{ provider_id: string; document_type: string; document_name: string; document_url: string; status: string; }' is not assignable to parameter of type 'never'.
  Overload 2 of 2, '(values: never[], options?: { count?: "exact" | "planned" | "estimated" | undefined; defaultToNull?: boolean | undefined; } | undefined): PostgrestFilterBuilder<{ PostgrestVersion: "12"; }, never, never, null, "provider_documents", never, "POST">', gave the following error.
    Object literal may only specify known properties, and 'provider_id' does not exist in type 'never[]'.
components/provider/provider-profile.tsx(323,19): error TS2345: Argument of type '{ title: string; description: string; image_url: string; }' is not assignable to parameter of type 'never'.
components/provider/provider-profile.tsx(335,12): error TS2769: No overload matches this call.
  Overload 1 of 2, '(values: never, options?: { count?: "exact" | "planned" | "estimated" | undefined; } | undefined): PostgrestFilterBuilder<{ PostgrestVersion: "12"; }, never, never, null, "portfolio_items", never, "POST">', gave the following error.
    Argument of type '{ provider_id: string; title: string; description: string; image_url: string; }' is not assignable to parameter of type 'never'.
  Overload 2 of 2, '(values: never[], options?: { count?: "exact" | "planned" | "estimated" | undefined; defaultToNull?: boolean | undefined; } | undefined): PostgrestFilterBuilder<{ PostgrestVersion: "12"; }, never, never, null, "portfolio_items", never, "POST">', gave the following error.
    Object literal may only specify known properties, and 'provider_id' does not exist in type 'never[]'.
components/provider/provider-profile.tsx(421,102): error TS18047: 'profile.email' is possibly 'null'.
components/provider/provider-profile.tsx(532,28): error TS2322: Type 'string | null' is not assignable to type 'string | number | readonly string[] | undefined'.
  Type 'null' is not assignable to type 'string | number | readonly string[] | undefined'.
components/provider/provider-profile.tsx(795,15): error TS2322: Type '{ userId: string; initialSelectedServices: string[]; onSave: () => Promise<void>; }' is not assignable to type 'IntrinsicAttributes & ServiceSelectorProps'.
  Property 'initialSelectedServices' does not exist on type 'IntrinsicAttributes & ServiceSelectorProps'. Did you mean 'selectedServices'?
components/provider/provider-setup.tsx(60,17): error TS2345: Argument of type '{ bio: string; skills: string[]; portfolio_url: string; hourly_rate: number; }' is not assignable to parameter of type 'never'.
components/provider/service-selector.tsx(72,62): error TS2339: Property 'category_id' does not exist on type 'never'.
components/provider/service-selector.tsx(76,37): error TS2339: Property 'id' does not exist on type 'never'.
components/provider/service-selector.tsx(76,81): error TS2339: Property 'name' does not exist on type 'never'.
components/provider/service-selector.tsx(76,117): error TS2339: Property 'name' does not exist on type 'never'.
components/realtime/realtime-dashboard.tsx(18,50): error TS2339: Property 'user_presence' does not exist on type '{ profiles: { Row: { id: string; is_provider: boolean | null; provider_status: string | null; provider_bio: string | null; provider_website: string | null; provider_phone: string | null; ... 14 more ...; role: string | null; }; Insert: { ...; }; Update: { ...; }; }; ... 7 more ...; portfolio_media: { ...; }; }'.
components/realtime/realtime-dashboard.tsx(25,51): error TS2339: Property 'active_sessions' does not exist on type '{ profiles: { Row: { id: string; is_provider: boolean | null; provider_status: string | null; provider_bio: string | null; provider_website: string | null; provider_phone: string | null; ... 14 more ...; role: string | null; }; Insert: { ...; }; Update: { ...; }; }; ... 7 more ...; portfolio_media: { ...; }; }'.
components/realtime/realtime-dashboard.tsx(26,58): error TS2339: Property 'realtime_notifications' does not exist on type '{ profiles: { Row: { id: string; is_provider: boolean | null; provider_status: string | null; provider_bio: string | null; provider_website: string | null; provider_phone: string | null; ... 14 more ...; role: string | null; }; Insert: { ...; }; Update: { ...; }; }; ... 7 more ...; portfolio_media: { ...; }; }'.
components/reviews/reputation-dashboard.tsx(13,53): error TS2339: Property 'reputation_stats' does not exist on type '{ profiles: { Row: { id: string; is_provider: boolean | null; provider_status: string | null; provider_bio: string | null; provider_website: string | null; provider_phone: string | null; ... 14 more ...; role: string | null; }; Insert: { ...; }; Update: { ...; }; }; ... 7 more ...; portfolio_media: { ...; }; }'.
components/reviews/reviews-display.tsx(14,44): error TS2339: Property 'reviews' does not exist on type '{ profiles: { Row: { id: string; is_provider: boolean | null; provider_status: string | null; provider_bio: string | null; provider_website: string | null; provider_phone: string | null; ... 14 more ...; role: string | null; }; Insert: { ...; }; Update: { ...; }; }; ... 7 more ...; portfolio_media: { ...; }; }'.
components/reviews/user-badges.tsx(10,47): error TS2339: Property 'user_badges' does not exist on type '{ profiles: { Row: { id: string; is_provider: boolean | null; provider_status: string | null; provider_bio: string | null; provider_website: string | null; provider_phone: string | null; ... 14 more ...; role: string | null; }; Insert: { ...; }; Update: { ...; }; }; ... 7 more ...; portfolio_media: { ...; }; }'.
components/reviews/user-badges.tsx(11,39): error TS2339: Property 'badges' does not exist on type '{ profiles: { Row: { id: string; is_provider: boolean | null; provider_status: string | null; provider_bio: string | null; provider_website: string | null; provider_phone: string | null; ... 14 more ...; role: string | null; }; Insert: { ...; }; Update: { ...; }; }; ... 7 more ...; portfolio_media: { ...; }; }'.
components/subscription/usage-quota-display.tsx(118,37): error TS2322: Type '{ value: number; className: string; indicatorClassName: string; }' is not assignable to type 'IntrinsicAttributes & Omit<ProgressProps & RefAttributes<HTMLDivElement>, "ref"> & RefAttributes<HTMLDivElement>'.
  Property 'indicatorClassName' does not exist on type 'IntrinsicAttributes & Omit<ProgressProps & RefAttributes<HTMLDivElement>, "ref"> & RefAttributes<HTMLDivElement>'.
components/subscription/usage-quota-display.tsx(206,41): error TS2322: Type '{ value: number; className: string; indicatorClassName: string; }' is not assignable to type 'IntrinsicAttributes & Omit<ProgressProps & RefAttributes<HTMLDivElement>, "ref"> & RefAttributes<HTMLDivElement>'.
  Property 'indicatorClassName' does not exist on type 'IntrinsicAttributes & Omit<ProgressProps & RefAttributes<HTMLDivElement>, "ref"> & RefAttributes<HTMLDivElement>'.
components/test/database-test.tsx(138,70): error TS2345: Argument of type '{ user_id: string; }' is not assignable to parameter of type 'undefined'.
components/ui/chart.tsx(119,7): error TS2339: Property 'payload' does not exist on type 'Omit<Omit<Props<ValueType, NameType>, PropertiesReadFromContext> & { active?: boolean | undefined; allowEscapeViewBox?: AllowInDimension | undefined; ... 17 more ...; wrapperStyle?: CSSProperties | undefined; } & ClassAttributes<...> & HTMLAttributes<...> & { ...; }, "ref">'.
components/ui/chart.tsx(124,7): error TS2339: Property 'label' does not exist on type 'Omit<Omit<Props<ValueType, NameType>, PropertiesReadFromContext> & { active?: boolean | undefined; allowEscapeViewBox?: AllowInDimension | undefined; ... 17 more ...; wrapperStyle?: CSSProperties | undefined; } & ClassAttributes<...> & HTMLAttributes<...> & { ...; }, "ref">'.
components/ui/chart.tsx(188,25): error TS7006: Parameter 'item' implicitly has an 'any' type.
components/ui/chart.tsx(188,31): error TS7006: Parameter 'index' implicitly has an 'any' type.
components/ui/chart.tsx(264,41): error TS2344: Type '"payload" | "verticalAlign"' does not satisfy the constraint '"string" | "children" | "id" | "style" | "clipPath" | "filter" | "mask" | "path" | "role" | "method" | "className" | "suppressHydrationWarning" | "color" | "height" | "lang" | ... 428 more ... | "onBBoxUpdate"'.
  Type '"payload"' is not assignable to type '"string" | "children" | "id" | "style" | "clipPath" | "filter" | "mask" | "path" | "role" | "method" | "className" | "suppressHydrationWarning" | "color" | "height" | "lang" | ... 428 more ... | "onBBoxUpdate"'.
components/ui/chart.tsx(275,19): error TS2339: Property 'length' does not exist on type '{}'.
components/ui/chart.tsx(288,18): error TS2339: Property 'map' does not exist on type '{}'.
components/ui/chart.tsx(288,23): error TS7006: Parameter 'item' implicitly has an 'any' type.
components/voice/ai-conversation.tsx(41,5): error TS2717: Subsequent property declarations must have the same type.  Property 'SpeechRecognition' must be of type 'SpeechRecognitionStatic', but here has type 'SpeechRecognitionStatic'.
components/voice/ai-conversation.tsx(42,5): error TS2717: Subsequent property declarations must have the same type.  Property 'webkitSpeechRecognition' must be of type 'SpeechRecognitionStatic', but here has type 'SpeechRecognitionStatic'.
components/voice/ai-conversation.tsx(88,9): error TS2739: Type 'SpeechRecognition' is missing the following properties from type 'SpeechRecognition': abort, onstart
components/voice/lazy-voice-components.tsx(4,32): error TS2307: Cannot find module '@/components/ui/loading-spinner' or its corresponding type declarations.
components/voice/voice-capture.tsx(200,19): error TS2339: Property 'maxAlternatives' does not exist on type 'SpeechRecognition'.
components/voice/voice-input-modal.tsx(61,19): error TS2339: Property 'maxAlternatives' does not exist on type 'SpeechRecognition'.
contexts/auth-context-no-recursion.tsx(105,57): error TS2769: No overload matches this call.
  Overload 1 of 2, '(values: never, options?: { onConflict?: string | undefined; ignoreDuplicates?: boolean | undefined; count?: "exact" | "planned" | "estimated" | undefined; } | undefined): PostgrestFilterBuilder<{ ...; }, ... 5 more ..., "POST">', gave the following error.
    Argument of type '{ id: string; email: string; full_name: string | null; avatar_url: string | null; role: string; }' is not assignable to parameter of type 'never'.
  Overload 2 of 2, '(values: never[], options?: { onConflict?: string | undefined; ignoreDuplicates?: boolean | undefined; count?: "exact" | "planned" | "estimated" | undefined; defaultToNull?: boolean | undefined; } | undefined): PostgrestFilterBuilder<...>', gave the following error.
    Object literal may only specify known properties, and 'id' does not exist in type 'never[]'.
contexts/auth-context-optimized.tsx(227,30): error TS2339: Property 'plan' does not exist on type '{ id: string; is_provider: boolean | null; provider_status: string | null; provider_bio: string | null; provider_website: string | null; provider_phone: string | null; provider_experience_years: number | null; ... 13 more ...; role: string | null; }'.
contexts/auth-context-safe.tsx(58,11): error TS2353: Object literal may only specify known properties, and 'plan' does not exist in type '{ id: string; is_provider: boolean | null; provider_status: string | null; provider_bio: string | null; provider_website: string | null; provider_phone: string | null; provider_experience_years: number | null; ... 13 more ...; role: string | null; }'.
contexts/auth-context.tsx(101,7): error TS2353: Object literal may only specify known properties, and 'availability' does not exist in type 'Profile'.
contexts/notifications-context-fixed.tsx(157,19): error TS2345: Argument of type '{ read: boolean; updated_at: string; }' is not assignable to parameter of type 'never'.
contexts/notifications-context-fixed.tsx(181,17): error TS2345: Argument of type '{ read: boolean; updated_at: string; }' is not assignable to parameter of type 'never'.
contexts/notifications-context.tsx(9,50): error TS2339: Property 'notifications' does not exist on type '{ profiles: { Row: { id: string; is_provider: boolean | null; provider_status: string | null; provider_bio: string | null; provider_website: string | null; provider_phone: string | null; ... 14 more ...; role: string | null; }; Insert: { ...; }; Update: { ...; }; }; ... 7 more ...; portfolio_media: { ...; }; }'.
contexts/notifications-context.tsx(120,69): error TS2345: Argument of type '{ read: boolean; }' is not assignable to parameter of type 'never'.
contexts/notifications-context.tsx(137,69): error TS2345: Argument of type '{ read: boolean; }' is not assignable to parameter of type 'never'.
hooks/index.ts(7,27): error TS2307: Cannot find module './use-mobile' or its corresponding type declarations.
hooks/use-gigs-management.ts(8,48): error TS2339: Property 'gigs' does not exist on type '{ profiles: { Row: { id: string; is_provider: boolean | null; provider_status: string | null; provider_bio: string | null; provider_website: string | null; provider_phone: string | null; ... 14 more ...; role: string | null; }; Insert: { ...; }; Update: { ...; }; }; ... 7 more ...; portfolio_media: { ...; }; }'.
hooks/use-gigs-management.ts(101,17): error TS2345: Argument of type '{ title: string; description: string; category: string; price: number; location: string; status: any; updated_at: string; }' is not assignable to parameter of type 'never'.
hooks/use-gigs-management.ts(147,19): error TS2345: Argument of type '{ status: string; updated_at: string; }' is not assignable to parameter of type 'never'.
hooks/use-gigs-management.ts(186,19): error TS2345: Argument of type '{ status: string; rejection_reason: string; updated_at: string; }' is not assignable to parameter of type 'never'.
hooks/use-moderation-alerts.ts(8,60): error TS2339: Property 'moderation_alerts' does not exist on type '{ profiles: { Row: { id: string; is_provider: boolean | null; provider_status: string | null; provider_bio: string | null; provider_website: string | null; provider_phone: string | null; ... 14 more ...; role: string | null; }; Insert: { ...; }; Update: { ...; }; }; ... 7 more ...; portfolio_media: { ...; }; }'.
hooks/use-moderation-alerts.ts(76,19): error TS2345: Argument of type '{ status: any; resolution: string | null; resolved_at: string | null; updated_at: string; }' is not assignable to parameter of type 'never'.
hooks/use-notifications.ts(7,15): error TS2305: Module '"@/lib/supabase/database.types"' has no exported member 'NotificationRow'.
hooks/use-notifications.ts(83,71): error TS2345: Argument of type '{ read: boolean; }' is not assignable to parameter of type 'never'.
hooks/use-notifications.ts(103,17): error TS2345: Argument of type '{ read: boolean; }' is not assignable to parameter of type 'never'.
hooks/use-realtime-notifications.ts(9,58): error TS2339: Property 'realtime_notifications' does not exist on type '{ profiles: { Row: { id: string; is_provider: boolean | null; provider_status: string | null; provider_bio: string | null; provider_website: string | null; provider_phone: string | null; ... 14 more ...; role: string | null; }; Insert: { ...; }; Update: { ...; }; }; ... 7 more ...; portfolio_media: { ...; }; }'.
hooks/use-realtime-notifications.ts(43,45): error TS2339: Property 'read_at' does not exist on type 'never'.
hooks/use-realtime-notifications.ts(66,17): error TS2345: Argument of type '{ read_at: string; }' is not assignable to parameter of type 'never'.
hooks/use-realtime-notifications.ts(88,17): error TS2345: Argument of type '{ read_at: string; }' is not assignable to parameter of type 'never'.
hooks/use-supabase.ts(7,41): error TS2339: Property 'gigs' does not exist on type '{ profiles: { Row: { id: string; is_provider: boolean | null; provider_status: string | null; provider_bio: string | null; provider_website: string | null; provider_phone: string | null; ... 14 more ...; role: string | null; }; Insert: { ...; }; Update: { ...; }; }; ... 7 more ...; portfolio_media: { ...; }; }'.
hooks/use-user-optimized.ts(4,10): error TS2305: Module '"@supabase/auth-helpers-nextjs"' has no exported member 'createClientComponentClient'.
hooks/use-user-optimized.ts(109,48): error TS7006: Parameter 'event' implicitly has an 'any' type.
hooks/use-user-optimized.ts(109,55): error TS7006: Parameter 'session' implicitly has an 'any' type.
hooks/use-user.ts(4,10): error TS2305: Module '"@supabase/auth-helpers-nextjs"' has no exported member 'createClientComponentClient'.
hooks/use-users-management.ts(61,19): error TS2345: Argument of type '{ updated_at: string; id?: string | undefined; is_provider?: boolean | null | undefined; provider_status?: string | null | undefined; provider_bio?: string | null | undefined; provider_website?: string | ... 1 more ... | undefined; ... 14 more ...; role?: string | ... 1 more ... | undefined; }' is not assignable to parameter of type 'never'.
i18n/request.ts(7,33): error TS2345: Argument of type '({ locale }: GetRequestConfigParams) => Promise<{ locale: string | undefined; messages: any; }>' is not assignable to parameter of type '(params: GetRequestConfigParams) => RequestConfig | Promise<RequestConfig>'.
  Type 'Promise<{ locale: string | undefined; messages: any; }>' is not assignable to type 'RequestConfig | Promise<RequestConfig>'.
    Type 'Promise<{ locale: string | undefined; messages: any; }>' is not assignable to type 'Promise<RequestConfig>'.
      Type '{ locale: string | undefined; messages: any; }' is not assignable to type 'RequestConfig'.
        Type '{ locale: string | undefined; messages: any; }' is not assignable to type '{ locale: string; }'.
          Types of property 'locale' are incompatible.
            Type 'string | undefined' is not assignable to type 'string'.
              Type 'undefined' is not assignable to type 'string'.
lib/analytics/analytics-service.ts(60,65): error TS2769: No overload matches this call.
  Overload 1 of 2, '(values: never, options?: { count?: "exact" | "planned" | "estimated" | undefined; } | undefined): PostgrestFilterBuilder<{ PostgrestVersion: "12"; }, never, never, null, "analytics_events", never, "POST">', gave the following error.
    Argument of type '{ user_agent: string; page_url: string; referrer: string; device_type: string; browser: string; os: string; event_name: string; event_category: string; event_data?: Record<string, any>; user_id: string | undefined; session_id: string; }' is not assignable to parameter of type 'never'.
  Overload 2 of 2, '(values: never[], options?: { count?: "exact" | "planned" | "estimated" | undefined; defaultToNull?: boolean | undefined; } | undefined): PostgrestFilterBuilder<{ PostgrestVersion: "12"; }, never, never, null, "analytics_events", never, "POST">', gave the following error.
    Object literal may only specify known properties, and 'user_agent' does not exist in type 'never[]'.
lib/analytics/analytics-service.ts(116,73): error TS2345: Argument of type '{ is_read: boolean; }' is not assignable to parameter of type 'never'.
lib/analytics/analytics-service.ts(127,73): error TS2345: Argument of type '{ is_dismissed: boolean; }' is not assignable to parameter of type 'never'.
lib/analytics/analytics-service.ts(151,26): error TS2339: Property 'total_users' does not exist on type '{}'.
lib/analytics/analytics-service.ts(152,48): error TS2339: Property 'total_users' does not exist on type '{}'.
lib/analytics/analytics-service.ts(152,70): error TS2339: Property 'total_users' does not exist on type '{}'.
lib/analytics/analytics-service.ts(155,26): error TS2339: Property 'new_users' does not exist on type '{}'.
lib/analytics/analytics-service.ts(156,48): error TS2339: Property 'new_users' does not exist on type '{}'.
lib/analytics/analytics-service.ts(156,68): error TS2339: Property 'new_users' does not exist on type '{}'.
lib/analytics/analytics-service.ts(159,26): error TS2339: Property 'total_gigs' does not exist on type '{}'.
lib/analytics/analytics-service.ts(160,48): error TS2339: Property 'total_gigs' does not exist on type '{}'.
lib/analytics/analytics-service.ts(160,69): error TS2339: Property 'total_gigs' does not exist on type '{}'.
lib/analytics/analytics-service.ts(163,26): error TS2339: Property 'total_revenue' does not exist on type '{}'.
lib/analytics/analytics-service.ts(164,48): error TS2339: Property 'total_revenue' does not exist on type '{}'.
lib/analytics/analytics-service.ts(164,72): error TS2339: Property 'total_revenue' does not exist on type '{}'.
lib/analytics/analytics-service.ts(167,26): error TS2339: Property 'avg_rating' does not exist on type '{}'.
lib/analytics/analytics-service.ts(168,48): error TS2339: Property 'avg_rating' does not exist on type '{}'.
lib/analytics/analytics-service.ts(168,69): error TS2339: Property 'avg_rating' does not exist on type '{}'.
lib/categories/categories-service.ts(86,72): error TS2345: Argument of type '{ category_id: string; }' is not assignable to parameter of type 'undefined'.
lib/categories/categories-service.ts(96,74): error TS2345: Argument of type '{ category_id: string; }' is not assignable to parameter of type 'undefined'.
lib/categories/categories-service.ts(170,18): error TS2339: Property 'requires_verification' does not exist on type 'never'.
lib/categories/categories-service.ts(185,22): error TS2339: Property 'min_price' does not exist on type 'never'.
lib/categories/categories-service.ts(188,44): error TS2339: Property 'name' does not exist on type 'never'.
lib/categories/categories-service.ts(188,60): error TS2339: Property 'min_price' does not exist on type 'never'.
lib/categories/categories-service.ts(192,14): error TS2339: Property 'max_price' does not exist on type 'never'.
lib/categories/categories-service.ts(192,40): error TS2339: Property 'max_price' does not exist on type 'never'.
lib/categories/categories-service.ts(195,44): error TS2339: Property 'name' does not exist on type 'never'.
lib/categories/categories-service.ts(195,60): error TS2339: Property 'max_price' does not exist on type 'never'.
lib/chat/chat-service.ts(6,50): error TS2339: Property 'conversations' does not exist on type '{ profiles: { Row: { id: string; is_provider: boolean | null; provider_status: string | null; provider_bio: string | null; provider_website: string | null; provider_phone: string | null; ... 14 more ...; role: string | null; }; Insert: { ...; }; Update: { ...; }; }; ... 7 more ...; portfolio_media: { ...; }; }'.
lib/chat/chat-service.ts(7,45): error TS2339: Property 'messages' does not exist on type '{ profiles: { Row: { id: string; is_provider: boolean | null; provider_status: string | null; provider_bio: string | null; provider_website: string | null; provider_phone: string | null; ... 14 more ...; role: string | null; }; Insert: { ...; }; Update: { ...; }; }; ... 7 more ...; portfolio_media: { ...; }; }'.
lib/chat/chat-service.ts(52,10): error TS2769: No overload matches this call.
  Overload 1 of 2, '(values: never, options?: { count?: "exact" | "planned" | "estimated" | undefined; } | undefined): PostgrestFilterBuilder<{ PostgrestVersion: "12"; }, never, never, null, "conversations", never, "POST">', gave the following error.
    Argument of type '{ gig_id: string; participant1_id: string; participant2_id: string; }' is not assignable to parameter of type 'never'.
  Overload 2 of 2, '(values: never[], options?: { count?: "exact" | "planned" | "estimated" | undefined; defaultToNull?: boolean | undefined; } | undefined): PostgrestFilterBuilder<{ PostgrestVersion: "12"; }, never, never, null, "conversations", never, "POST">', gave the following error.
    Object literal may only specify known properties, and 'gig_id' does not exist in type 'never[]'.
lib/chat/chat-service.ts(162,10): error TS2769: No overload matches this call.
  Overload 1 of 2, '(values: never, options?: { count?: "exact" | "planned" | "estimated" | undefined; } | undefined): PostgrestFilterBuilder<{ PostgrestVersion: "12"; }, never, never, null, "messages", never, "POST">', gave the following error.
    Argument of type '{ conversation_id: string; sender_id: string; content: string; message_type: "image" | "text" | "file" | "system"; reply_to_id: string | undefined; file_url: string | undefined; file_name: string | undefined; file_size: number | undefined; }' is not assignable to parameter of type 'never'.
  Overload 2 of 2, '(values: never[], options?: { count?: "exact" | "planned" | "estimated" | undefined; defaultToNull?: boolean | undefined; } | undefined): PostgrestFilterBuilder<{ PostgrestVersion: "12"; }, never, never, null, "messages", never, "POST">', gave the following error.
    Object literal may only specify known properties, and 'conversation_id' does not exist in type 'never[]'.
lib/chat/chat-service.ts(198,69): error TS2345: Argument of type '{ conversation_uuid: string; user_uuid: string; }' is not assignable to parameter of type 'undefined'.
lib/chat/chat-service.ts(222,17): error TS2345: Argument of type '{ content: string; edited_at: string; }' is not assignable to parameter of type 'never'.
lib/chat/chat-service.ts(247,17): error TS2345: Argument of type '{ deleted_at: string; content: string; }' is not assignable to parameter of type 'never'.
lib/chat/chat-service.ts(334,69): error TS2345: Argument of type '{ status: string; }' is not assignable to parameter of type 'never'.
lib/chat/chat-service.ts(353,69): error TS2345: Argument of type '{ status: string; }' is not assignable to parameter of type 'never'.
lib/email/client.ts(211,32): error TS2339: Property 'subject' does not exist on type 'never'.
lib/email/client.ts(212,29): error TS2339: Property 'body' does not exist on type 'never'.
lib/email/client.ts(337,51): error TS2339: Property 'slug' does not exist on type 'never'.
lib/email/client.ts(338,55): error TS2339: Property 'slug' does not exist on type 'never'.
lib/emergency/emergency-service.ts(50,18): error TS2769: No overload matches this call.
  Overload 1 of 2, '(values: never, options?: { count?: "exact" | "planned" | "estimated" | undefined; } | undefined): PostgrestFilterBuilder<{ PostgrestVersion: "12"; }, never, never, null, "emergency_requests", never, "POST">', gave the following error.
    Argument of type '{ client_id: string; category: string; service_id: string | null | undefined; description: string | undefined; lat: number; lng: number; address: string | undefined; }' is not assignable to parameter of type 'never'.
  Overload 2 of 2, '(values: never[], options?: { count?: "exact" | "planned" | "estimated" | undefined; defaultToNull?: boolean | undefined; } | undefined): PostgrestFilterBuilder<{ PostgrestVersion: "12"; }, never, never, null, "emergency_requests", never, "POST">', gave the following error.
    Object literal may only specify known properties, and 'client_id' does not exist in type 'never[]'.
lib/emergency/emergency-service.ts(123,43): error TS2339: Property 'id' does not exist on type 'never'.
lib/emergency/emergency-service.ts(127,25): error TS2353: Object literal may only specify known properties, and 'action_url' does not exist in type '{ user_id: string; title: string; message: string; type?: string | undefined; data?: any; }'.
lib/emergency/emergency-service.ts(127,69): error TS2339: Property 'id' does not exist on type 'never'.
lib/emergency/emergency-service.ts(153,49): error TS2345: Argument of type 'any' is not assignable to parameter of type 'never'.
lib/emergency/emergency-service.ts(170,14): error TS2769: No overload matches this call.
  Overload 1 of 2, '(values: never, options?: { count?: "exact" | "planned" | "estimated" | undefined; } | undefined): PostgrestFilterBuilder<{ PostgrestVersion: "12"; }, never, never, null, "emergency_responses", never, "POST">', gave the following error.
    Argument of type '{ emergency_id: string; provider_id: string; quote_details: { price_per_hour: number; min_hours: number; eta: string; }; status: string; }' is not assignable to parameter of type 'never'.
  Overload 2 of 2, '(values: never[], options?: { count?: "exact" | "planned" | "estimated" | undefined; defaultToNull?: boolean | undefined; } | undefined): PostgrestFilterBuilder<{ PostgrestVersion: "12"; }, never, never, null, "emergency_responses", never, "POST">', gave the following error.
    Object literal may only specify known properties, and 'emergency_id' does not exist in type 'never[]'.
lib/emergency/emergency-service.ts(195,21): error TS2345: Argument of type '{ provider_id: string; status: string; accepted_at: string; }' is not assignable to parameter of type 'never'.
lib/emergency/emergency-service.ts(207,21): error TS2345: Argument of type '{ status: string; }' is not assignable to parameter of type 'never'.
lib/emergency/emergency-service.ts(214,21): error TS2345: Argument of type '{ status: string; }' is not assignable to parameter of type 'never'.
lib/emergency/emergency-service.ts(227,21): error TS2345: Argument of type '{ status: string; }' is not assignable to parameter of type 'never'.
lib/emergency/emergency-service.ts(249,14): error TS2769: No overload matches this call.
  Overload 1 of 2, '(values: never, options?: { count?: "exact" | "planned" | "estimated" | undefined; } | undefined): PostgrestFilterBuilder<{ PostgrestVersion: "12"; }, never, never, null, "conversations", never, "POST">', gave the following error.
    Argument of type '{ gig_id: string; client_id: string; provider_id: string; status: string; }' is not assignable to parameter of type 'never'.
  Overload 2 of 2, '(values: never[], options?: { count?: "exact" | "planned" | "estimated" | undefined; defaultToNull?: boolean | undefined; } | undefined): PostgrestFilterBuilder<{ PostgrestVersion: "12"; }, never, never, null, "conversations", never, "POST">', gave the following error.
    Object literal may only specify known properties, and 'gig_id' does not exist in type 'never[]'.
lib/emergency/emergency-service.ts(265,21): error TS2345: Argument of type '{ provider_id: string; status: string; accepted_at: string; }' is not assignable to parameter of type 'never'.
lib/emergency/emergency-service.ts(299,21): error TS2345: Argument of type '{ last_lat: number; last_lng: number; last_active: string; }' is not assignable to parameter of type 'never'.
lib/gigs.ts(4,41): error TS2339: Property 'gigs' does not exist on type '{ profiles: { Row: { id: string; is_provider: boolean | null; provider_status: string | null; provider_bio: string | null; provider_website: string | null; provider_phone: string | null; ... 14 more ...; role: string | null; }; Insert: { ...; }; Update: { ...; }; }; ... 7 more ...; portfolio_media: { ...; }; }'.
lib/gigs.ts(5,47): error TS2339: Property 'gigs' does not exist on type '{ profiles: { Row: { id: string; is_provider: boolean | null; provider_status: string | null; provider_bio: string | null; provider_website: string | null; provider_phone: string | null; ... 14 more ...; role: string | null; }; Insert: { ...; }; Update: { ...; }; }; ... 7 more ...; portfolio_media: { ...; }; }'.
lib/gigs.ts(6,47): error TS2339: Property 'gigs' does not exist on type '{ profiles: { Row: { id: string; is_provider: boolean | null; provider_status: string | null; provider_bio: string | null; provider_website: string | null; provider_phone: string | null; ... 14 more ...; role: string | null; }; Insert: { ...; }; Update: { ...; }; }; ... 7 more ...; portfolio_media: { ...; }; }'.
lib/gigs.ts(39,10): error TS2769: No overload matches this call.
  Overload 1 of 2, '(values: never, options?: { count?: "exact" | "planned" | "estimated" | undefined; } | undefined): PostgrestFilterBuilder<{ PostgrestVersion: "12"; }, never, never, null, "gigs", never, "POST">', gave the following error.
    Argument of type '{ author_id: string; title: string; description: string; category: string; location: string; price: number; currency: string; deadline: string | undefined; requirements: string[] | undefined; ... 4 more ...; updated_at: string; }' is not assignable to parameter of type 'never'.
  Overload 2 of 2, '(values: never[], options?: { count?: "exact" | "planned" | "estimated" | undefined; defaultToNull?: boolean | undefined; } | undefined): PostgrestFilterBuilder<{ PostgrestVersion: "12"; }, never, never, null, "gigs", never, "POST">', gave the following error.
    Object literal may only specify known properties, and 'author_id' does not exist in type 'never[]'.
lib/gigs.ts(63,55): error TS2339: Property 'id' does not exist on type 'never'.
lib/gigs.ts(133,55): error TS2339: Property 'title' does not exist on type 'never'.
lib/gigs.ts(172,17): error TS2345: Argument of type 'any' is not assignable to parameter of type 'never'.
lib/gigs.ts(185,55): error TS2339: Property 'title' does not exist on type 'never'.
lib/gigs.ts(234,40): error TS2339: Property 'status' does not exist on type 'never'.
lib/gigs.ts(235,41): error TS2339: Property 'status' does not exist on type 'never'.
lib/gigs.ts(236,42): error TS2339: Property 'status' does not exist on type 'never'.
lib/gigs.ts(237,41): error TS2339: Property 'status' does not exist on type 'never'.
lib/gigs.ts(238,55): error TS2339: Property 'price' does not exist on type 'never'.
lib/gigs.ts(239,72): error TS2339: Property 'price' does not exist on type 'never'.
lib/jobs/job-completion-service.ts(6,51): error TS2339: Property 'job_completions' does not exist on type '{ profiles: { Row: { id: string; is_provider: boolean | null; provider_status: string | null; provider_bio: string | null; provider_website: string | null; provider_phone: string | null; ... 14 more ...; role: string | null; }; Insert: { ...; }; Update: { ...; }; }; ... 7 more ...; portfolio_media: { ...; }; }'.
lib/jobs/job-completion-service.ts(7,57): error TS2339: Property 'job_completions' does not exist on type '{ profiles: { Row: { id: string; is_provider: boolean | null; provider_status: string | null; provider_bio: string | null; provider_website: string | null; provider_phone: string | null; ... 14 more ...; role: string | null; }; Insert: { ...; }; Update: { ...; }; }; ... 7 more ...; portfolio_media: { ...; }; }'.
lib/jobs/job-completion-service.ts(35,21): error TS2339: Property 'status' does not exist on type 'never'.
lib/jobs/job-completion-service.ts(69,39): error TS2339: Property 'createNotification' does not exist on type 'typeof NotificationService'.
lib/jobs/job-completion-service.ts(70,21): error TS2339: Property 'author_id' does not exist on type 'never'.
lib/jobs/job-completion-service.ts(72,53): error TS2339: Property 'title' does not exist on type 'never'.
lib/jobs/job-completion-service.ts(104,36): error TS2339: Property 'gigs' does not exist on type 'never'.
lib/jobs/job-completion-service.ts(111,28): error TS2339: Property 'status' does not exist on type 'never'.
lib/jobs/job-completion-service.ts(118,25): error TS2345: Argument of type '{ status: string; reviewed_at: string; }' is not assignable to parameter of type 'never'.
lib/jobs/job-completion-service.ts(131,25): error TS2345: Argument of type '{ status: string; }' is not assignable to parameter of type 'never'.
lib/jobs/job-completion-service.ts(145,39): error TS2339: Property 'createNotification' does not exist on type 'typeof NotificationService'.
lib/jobs/job-completion-service.ts(179,36): error TS2339: Property 'gigs' does not exist on type 'never'.
lib/jobs/job-completion-service.ts(189,25): error TS2345: Argument of type '{ status: string; rejection_reason: string; reviewed_at: string; }' is not assignable to parameter of type 'never'.
lib/jobs/job-completion-service.ts(201,39): error TS2339: Property 'createNotification' does not exist on type 'typeof NotificationService'.
lib/monetization/contact-view-service.ts(12,49): error TS2339: Property 'contact_views' does not exist on type '{ profiles: { Row: { id: string; is_provider: boolean | null; provider_status: string | null; provider_bio: string | null; provider_website: string | null; provider_phone: string | null; ... 14 more ...; role: string | null; }; Insert: { ...; }; Update: { ...; }; }; ... 7 more ...; portfolio_media: { ...; }; }'.
lib/monetization/contact-view-service.ts(50,16): error TS2339: Property 'author_id' does not exist on type 'never'.
lib/monetization/contact-view-service.ts(68,57): error TS2339: Property 'plan' does not exist on type 'never'.
lib/monetization/contact-view-service.ts(69,56): error TS2339: Property 'responses_used' does not exist on type 'never'.
lib/monetization/contact-view-service.ts(79,53): error TS2339: Property 'value' does not exist on type 'never'.
lib/monetization/contact-view-service.ts(135,36): error TS2339: Property 'responses_used' does not exist on type 'never'.
lib/monetization/contact-view-service.ts(140,17): error TS2345: Argument of type '{ responses_used: any; updated_at: string; }' is not assignable to parameter of type 'never'.
lib/monetization/contact-view-service.ts(152,73): error TS2769: No overload matches this call.
  Overload 1 of 2, '(values: never, options?: { count?: "exact" | "planned" | "estimated" | undefined; } | undefined): PostgrestFilterBuilder<{ PostgrestVersion: "12"; }, never, never, null, "contact_views", never, "POST">', gave the following error.
    Argument of type '{ viewer_id: string; gig_id: string; gig_author_id: any; credits_used: number; metadata: { timestamp: string; }; }' is not assignable to parameter of type 'never'.
  Overload 2 of 2, '(values: never[], options?: { count?: "exact" | "planned" | "estimated" | undefined; defaultToNull?: boolean | undefined; } | undefined): PostgrestFilterBuilder<{ PostgrestVersion: "12"; }, never, never, null, "contact_views", never, "POST">', gave the following error.
    Object literal may only specify known properties, and 'viewer_id' does not exist in type 'never[]'.
lib/monetization/contact-view-service.ts(155,28): error TS2339: Property 'author_id' does not exist on type 'never'.
lib/monetization/contact-view-service.ts(163,48): error TS2345: Argument of type '{ responses_used: any; }' is not assignable to parameter of type 'never'.
lib/monetization/contact-view-service.ts(163,74): error TS2339: Property 'responses_used' does not exist on type 'never'.
lib/monetization/contact-view-service.ts(173,21): error TS2339: Property 'author_id' does not exist on type 'never'.
lib/monetization/contact-view-service.ts(174,34): error TS2339: Property 'title' does not exist on type 'never'.
lib/monetization/contact-view-service.ts(181,59): error TS2339: Property 'plan' does not exist on type 'never'.
lib/monetization/contact-view-service.ts(215,37): error TS2339: Property 'profiles' does not exist on type 'never'.
lib/monetization/contact-view-service.ts(338,73): error TS2339: Property 'credits_used' does not exist on type 'never'.
lib/monetization/plan-limits-service.ts(104,75): error TS2345: Argument of type '{ p_user_id: string; }' is not assignable to parameter of type 'undefined'.
lib/monetization/plan-limits-service.ts(113,31): error TS2339: Property 'length' does not exist on type 'never'.
lib/monetization/plan-limits-service.ts(149,61): error TS2339: Property 'plan' does not exist on type 'never'.
lib/monetization/plan-limits-service.ts(164,36): error TS2339: Property 'proposals_used' does not exist on type 'never'.
lib/monetization/plan-limits-service.ts(166,41): error TS2339: Property 'proposals_reset_date' does not exist on type 'never'.
lib/monetization/plan-limits-service.ts(169,36): error TS2339: Property 'gig_responses_used' does not exist on type 'never'.
lib/monetization/plan-limits-service.ts(171,41): error TS2339: Property 'gig_responses_reset_date' does not exist on type 'never'.
lib/monetization/plan-limits-service.ts(174,36): error TS2339: Property 'responses_used' does not exist on type 'never'.
lib/monetization/plan-limits-service.ts(176,41): error TS2339: Property 'responses_reset_date' does not exist on type 'never'.
lib/monetization/plan-limits-service.ts(248,43): error TS2339: Property 'proposals_used' does not exist on type 'never'.
lib/monetization/plan-limits-service.ts(252,43): error TS2339: Property 'gig_responses_used' does not exist on type 'never'.
lib/monetization/plan-limits-service.ts(256,43): error TS2339: Property 'responses_used' does not exist on type 'never'.
lib/monetization/plan-limits-service.ts(263,25): error TS2345: Argument of type '{ [x: string]: string | number; updated_at: string; }' is not assignable to parameter of type 'never'.
lib/monetization/plan-limits-service.ts(278,50): error TS2769: No overload matches this call.
  Overload 1 of 2, '(values: never, options?: { count?: "exact" | "planned" | "estimated" | undefined; } | undefined): PostgrestFilterBuilder<{ PostgrestVersion: "12"; }, never, never, null, "usage_history", never, "POST">', gave the following error.
    Argument of type '{ user_id: string; action_type: ActionType; target_id: string | undefined; target_type: string | undefined; credits_used: number; plan_tier: any; metadata: Record<string, any>; }' is not assignable to parameter of type 'never'.
  Overload 2 of 2, '(values: never[], options?: { count?: "exact" | "planned" | "estimated" | undefined; defaultToNull?: boolean | undefined; } | undefined): PostgrestFilterBuilder<{ PostgrestVersion: "12"; }, never, never, null, "usage_history", never, "POST">', gave the following error.
    Object literal may only specify known properties, and 'user_id' does not exist in type 'never[]'.
lib/monetization/plan-limits-service.ts(284,36): error TS2339: Property 'plan' does not exist on type 'never'.
lib/monetization/plan-limits-service.ts(316,37): error TS2339: Property 'plan' does not exist on type 'never'.
lib/monetization/plan-limits-service.ts(321,61): error TS2339: Property 'plan' does not exist on type 'never'.
lib/monetization/plan-limits-service.ts(325,84): error TS2339: Property 'plan' does not exist on type 'never'.
lib/monetization/plan-limits-service.ts(355,25): error TS2339: Property 'proposals_reset_date' does not exist on type 'never'.
lib/monetization/plan-limits-service.ts(355,66): error TS2339: Property 'proposals_reset_date' does not exist on type 'never'.
lib/monetization/plan-limits-service.ts(361,25): error TS2339: Property 'gig_responses_reset_date' does not exist on type 'never'.
lib/monetization/plan-limits-service.ts(361,70): error TS2339: Property 'gig_responses_reset_date' does not exist on type 'never'.
lib/monetization/plan-limits-service.ts(367,25): error TS2339: Property 'responses_reset_date' does not exist on type 'never'.
lib/monetization/plan-limits-service.ts(367,66): error TS2339: Property 'responses_reset_date' does not exist on type 'never'.
lib/monetization/plan-limits-service.ts(375,56): error TS2345: Argument of type 'Record<string, any>' is not assignable to parameter of type 'never'.
lib/monetization/plan-limits-service.ts(435,31): error TS2339: Property 'action_type' does not exist on type 'never'.
lib/monetization/plan-limits-service.ts(435,61): error TS2339: Property 'action_type' does not exist on type 'never'.
lib/monetization/plan-limits-service.ts(438,36): error TS2339: Property 'created_at' does not exist on type 'never'.
lib/notifications/gig-notifications.ts(54,55): error TS2339: Property 'last_lat' does not exist on type 'never'.
lib/notifications/gig-notifications.ts(54,77): error TS2339: Property 'last_lng' does not exist on type 'never'.
lib/notifications/gig-notifications.ts(58,84): error TS2339: Property 'last_lat' does not exist on type 'never'.
lib/notifications/gig-notifications.ts(58,103): error TS2339: Property 'last_lng' does not exist on type 'never'.
lib/notifications/gig-notifications.ts(59,41): error TS2339: Property 'provider_service_radius' does not exist on type 'never'.
lib/notifications/gig-notifications.ts(73,35): error TS2339: Property 'id' does not exist on type 'never'.
lib/notifications/gig-notifications.ts(83,25): error TS2769: No overload matches this call.
  Overload 1 of 2, '(values: never, options?: { count?: "exact" | "planned" | "estimated" | undefined; } | undefined): PostgrestFilterBuilder<{ PostgrestVersion: "12"; }, never, never, null, "notifications", never, "POST">', gave the following error.
    Argument of type '{ user_id: any; title: string; message: string; type: string; read: boolean; }[]' is not assignable to parameter of type 'never'.
  Overload 2 of 2, '(values: never[], options?: { count?: "exact" | "planned" | "estimated" | undefined; defaultToNull?: boolean | undefined; } | undefined): PostgrestFilterBuilder<{ PostgrestVersion: "12"; }, never, never, null, "notifications", never, "POST">', gave the following error.
    Argument of type '{ user_id: any; title: string; message: string; type: string; read: boolean; }[]' is not assignable to parameter of type 'never[]'.
      Type '{ user_id: any; title: string; message: string; type: string; read: boolean; }' is not assignable to type 'never'.
lib/notifications/notification-service.ts(54,17): error TS2345: Argument of type '{ read: boolean; updated_at: string; }' is not assignable to parameter of type 'never'.
lib/notifications/notification-service.ts(73,17): error TS2345: Argument of type '{ read: boolean; updated_at: string; }' is not assignable to parameter of type 'never'.
lib/notifications/notification-service.ts(129,62): error TS2769: No overload matches this call.
  Overload 1 of 2, '(values: never, options?: { count?: "exact" | "planned" | "estimated" | undefined; } | undefined): PostgrestFilterBuilder<{ PostgrestVersion: "12"; }, never, never, null, "notifications", never, "POST">', gave the following error.
    Argument of type '{ user_id: string; title: string; message: string; type: string; data: any; read: boolean; created_at: string; updated_at: string; }' is not assignable to parameter of type 'never'.
  Overload 2 of 2, '(values: never[], options?: { count?: "exact" | "planned" | "estimated" | undefined; defaultToNull?: boolean | undefined; } | undefined): PostgrestFilterBuilder<{ PostgrestVersion: "12"; }, never, never, null, "notifications", never, "POST">', gave the following error.
    Object literal may only specify known properties, and 'user_id' does not exist in type 'never[]'.
lib/notifications/notification-triggers-enhanced.ts(51,59): error TS2551: Property 'calculateProfileCompletion' does not exist on type 'typeof ProfileCompletionService'. Did you mean 'calculateCompletion'?
lib/notifications/notification-triggers-enhanced.ts(55,38): error TS2339: Property 'updateProfileCompletionScore' does not exist on type 'typeof ProfileCompletionService'.
lib/notifications/notification-triggers-enhanced.ts(73,38): error TS2339: Property 'checkAndSendReminder' does not exist on type 'typeof ProfileCompletionService'.
lib/notifications/notification-triggers-enhanced.ts(93,59): error TS2551: Property 'calculateProfileCompletion' does not exist on type 'typeof ProfileCompletionService'. Did you mean 'calculateCompletion'?
lib/notifications/notification-triggers-enhanced.ts(97,33): error TS2339: Property 'createNotification' does not exist on type 'typeof NotificationService'.
lib/notifications/notification-triggers-enhanced.ts(125,59): error TS2551: Property 'calculateProfileCompletion' does not exist on type 'typeof ProfileCompletionService'. Did you mean 'calculateCompletion'?
lib/notifications/notification-triggers-enhanced.ts(129,33): error TS2339: Property 'createNotification' does not exist on type 'typeof NotificationService'.
lib/notifications/notification-triggers-enhanced.ts(150,60): error TS2339: Property 'sendBatchReminders' does not exist on type 'typeof ProfileCompletionService'.
lib/notifications/notification-triggers-enhanced.ts(165,31): error TS2339: Property 'createNotification' does not exist on type 'typeof NotificationService'.
lib/notifications/notification-triggers-enhanced.ts(180,33): error TS2339: Property 'createNotification' does not exist on type 'typeof NotificationService'.
lib/notifications/push-notification-server.ts(55,59): error TS2339: Property 'is_enabled' does not exist on type 'never'.
lib/notifications/push-notification-server.ts(60,47): error TS2339: Property 'config' does not exist on type 'never'.
lib/notifications/push-notification-server.ts(90,30): error TS2339: Property 'token' does not exist on type 'never'.
lib/notifications/push-notification-server.ts(108,82): error TS2339: Property 'id' does not exist on type 'never'.
lib/notifications/push-notification-server.ts(111,69): error TS2339: Property 'id' does not exist on type 'never'.
lib/notifications/push-notification-server.ts(142,29): error TS2345: Argument of type '{ is_active: boolean; }' is not assignable to parameter of type 'never'.
lib/notifications/push-notification-service-fixed.ts(61,38): error TS2339: Property 'is_enabled' does not exist on type 'never'.
lib/notifications/push-notification-service-fixed.ts(66,41): error TS2339: Property 'config' does not exist on type 'never'.
lib/notifications/push-notification-service-fixed.ts(195,36): error TS2339: Property 'config' does not exist on type 'never'.
lib/notifications/push-notification-service-fixed.ts(276,19): error TS2345: Argument of type '{ is_active: boolean; device_info: { userAgent: string; platform: string; language: string; timestamp: string; url: string; }; updated_at: string; last_used_at: string; }' is not assignable to parameter of type 'never'.
lib/notifications/push-notification-service-fixed.ts(282,35): error TS2339: Property 'id' does not exist on type 'never'.
lib/notifications/push-notification-service-fixed.ts(292,82): error TS2769: No overload matches this call.
  Overload 1 of 2, '(values: never, options?: { count?: "exact" | "planned" | "estimated" | undefined; } | undefined): PostgrestFilterBuilder<{ PostgrestVersion: "12"; }, never, never, null, "user_device_tokens", never, "POST">', gave the following error.
    Argument of type '{ user_id: string; token: string; device_info: { userAgent: string; platform: string; language: string; timestamp: string; url: string; }; is_active: boolean; }' is not assignable to parameter of type 'never'.
  Overload 2 of 2, '(values: never[], options?: { count?: "exact" | "planned" | "estimated" | undefined; defaultToNull?: boolean | undefined; } | undefined): PostgrestFilterBuilder<{ PostgrestVersion: "12"; }, never, never, null, "user_device_tokens", never, "POST">', gave the following error.
    Object literal may only specify known properties, and 'user_id' does not exist in type 'never[]'.
lib/notifications/push-notification-service-fixed.ts(371,74): error TS2345: Argument of type '{ is_active: boolean; }' is not assignable to parameter of type 'never'.
lib/notifications/push-notification-service-fixed.ts(411,28): error TS2339: Property 'is_enabled' does not exist on type 'never'.
lib/notifications/push-notification-service-fixed.ts(412,32): error TS2339: Property 'config' does not exist on type 'never'.
lib/notifications/push-notification-service.ts(45,53): error TS2339: Property 'is_enabled' does not exist on type 'never'.
lib/notifications/push-notification-service.ts(50,41): error TS2339: Property 'config' does not exist on type 'never'.
lib/notifications/push-notification-service.ts(183,19): error TS2345: Argument of type '{ is_active: boolean; device_info: { userAgent: string; platform: string; language: string; timestamp: string; }; updated_at: string; last_used_at: string; }' is not assignable to parameter of type 'never'.
lib/notifications/push-notification-service.ts(189,35): error TS2339: Property 'id' does not exist on type 'never'.
lib/notifications/push-notification-service.ts(197,82): error TS2769: No overload matches this call.
  Overload 1 of 2, '(values: never, options?: { count?: "exact" | "planned" | "estimated" | undefined; } | undefined): PostgrestFilterBuilder<{ PostgrestVersion: "12"; }, never, never, null, "user_device_tokens", never, "POST">', gave the following error.
    Argument of type '{ user_id: string; token: string; device_info: { userAgent: string; platform: string; language: string; timestamp: string; }; }' is not assignable to parameter of type 'never'.
  Overload 2 of 2, '(values: never[], options?: { count?: "exact" | "planned" | "estimated" | undefined; defaultToNull?: boolean | undefined; } | undefined): PostgrestFilterBuilder<{ PostgrestVersion: "12"; }, never, never, null, "user_device_tokens", never, "POST">', gave the following error.
    Object literal may only specify known properties, and 'user_id' does not exist in type 'never[]'.
lib/notifications/push-notification-service.ts(258,17): error TS2345: Argument of type '{ is_active: boolean; updated_at: string; }' is not assignable to parameter of type 'never'.
lib/notifications/push-notification-service.ts(330,51): error TS2339: Property 'is_enabled' does not exist on type 'never'.
lib/notifications/push-notification-service.ts(335,39): error TS2339: Property 'config' does not exist on type 'never'.
lib/payments/payment-service-complete.ts(6,45): error TS2339: Property 'payments' does not exist on type '{ profiles: { Row: { id: string; is_provider: boolean | null; provider_status: string | null; provider_bio: string | null; provider_website: string | null; provider_phone: string | null; ... 14 more ...; role: string | null; }; Insert: { ...; }; Update: { ...; }; }; ... 7 more ...; portfolio_media: { ...; }; }'.
lib/payments/payment-service-complete.ts(7,45): error TS2339: Property 'invoices' does not exist on type '{ profiles: { Row: { id: string; is_provider: boolean | null; provider_status: string | null; provider_bio: string | null; provider_website: string | null; provider_phone: string | null; ... 14 more ...; role: string | null; }; Insert: { ...; }; Update: { ...; }; }; ... 7 more ...; portfolio_media: { ...; }; }'.
lib/payments/payment-service-complete.ts(8,49): error TS2339: Property 'transactions' does not exist on type '{ profiles: { Row: { id: string; is_provider: boolean | null; provider_status: string | null; provider_bio: string | null; provider_website: string | null; provider_phone: string | null; ... 14 more ...; role: string | null; }; Insert: { ...; }; Update: { ...; }; }; ... 7 more ...; portfolio_media: { ...; }; }'.
lib/payments/payment-service-complete.ts(9,53): error TS2339: Property 'payment_settings' does not exist on type '{ profiles: { Row: { id: string; is_provider: boolean | null; provider_status: string | null; provider_bio: string | null; provider_website: string | null; provider_phone: string | null; ... 14 more ...; role: string | null; }; Insert: { ...; }; Update: { ...; }; }; ... 7 more ...; portfolio_media: { ...; }; }'.
lib/payments/payment-service-complete.ts(41,33): error TS2339: Property 'category' does not exist on type 'never'.
lib/payments/payment-service-complete.ts(48,10): error TS2769: No overload matches this call.
  Overload 1 of 2, '(values: never, options?: { count?: "exact" | "planned" | "estimated" | undefined; } | undefined): PostgrestFilterBuilder<{ PostgrestVersion: "12"; }, never, never, null, "payments", never, "POST">', gave the following error.
    Argument of type '{ gig_id: string; proposal_id: string; client_id: string; provider_id: string; amount: number; platform_fee: number; provider_amount: number; status: string; description: string; }' is not assignable to parameter of type 'never'.
  Overload 2 of 2, '(values: never[], options?: { count?: "exact" | "planned" | "estimated" | undefined; defaultToNull?: boolean | undefined; } | undefined): PostgrestFilterBuilder<{ PostgrestVersion: "12"; }, never, never, null, "payments", never, "POST">', gave the following error.
    Object literal may only specify known properties, and 'gig_id' does not exist in type 'never[]'.
lib/payments/payment-service-complete.ts(72,31): error TS2339: Property 'id' does not exist on type 'never'.
lib/payments/payment-service-complete.ts(94,17): error TS2345: Argument of type '{ stripe_payment_intent_id: any; }' is not assignable to parameter of type 'never'.
lib/payments/payment-service-complete.ts(95,27): error TS2339: Property 'id' does not exist on type 'never'.
lib/payments/payment-service-complete.ts(101,31): error TS2339: Property 'id' does not exist on type 'never'.
lib/payments/payment-service-complete.ts(401,69): error TS2345: Argument of type '{ amount: number; category_slug: string | undefined; }' is not assignable to parameter of type 'undefined'.
lib/payments/payment-service.ts(6,45): error TS2339: Property 'payments' does not exist on type '{ profiles: { Row: { id: string; is_provider: boolean | null; provider_status: string | null; provider_bio: string | null; provider_website: string | null; provider_phone: string | null; ... 14 more ...; role: string | null; }; Insert: { ...; }; Update: { ...; }; }; ... 7 more ...; portfolio_media: { ...; }; }'.
lib/payments/payment-service.ts(7,45): error TS2339: Property 'invoices' does not exist on type '{ profiles: { Row: { id: string; is_provider: boolean | null; provider_status: string | null; provider_bio: string | null; provider_website: string | null; provider_phone: string | null; ... 14 more ...; role: string | null; }; Insert: { ...; }; Update: { ...; }; }; ... 7 more ...; portfolio_media: { ...; }; }'.
lib/payments/payment-service.ts(8,49): error TS2339: Property 'transactions' does not exist on type '{ profiles: { Row: { id: string; is_provider: boolean | null; provider_status: string | null; provider_bio: string | null; provider_website: string | null; provider_phone: string | null; ... 14 more ...; role: string | null; }; Insert: { ...; }; Update: { ...; }; }; ... 7 more ...; portfolio_media: { ...; }; }'.
lib/profile/profile-completion-service.ts(142,26): error TS2339: Property 'skills' does not exist on type '{ id: string; is_provider: boolean | null; provider_status: string | null; provider_bio: string | null; provider_website: string | null; provider_phone: string | null; provider_experience_years: number | null; ... 13 more ...; role: string | null; }'.
lib/profile/profile-completion-service.ts(142,44): error TS2339: Property 'skills' does not exist on type '{ id: string; is_provider: boolean | null; provider_status: string | null; provider_bio: string | null; provider_website: string | null; provider_phone: string | null; provider_experience_years: number | null; ... 13 more ...; role: string | null; }'.
lib/profile/profile-completion-service.ts(149,21): error TS2339: Property 'portfolio_url' does not exist on type '{ id: string; is_provider: boolean | null; provider_status: string | null; provider_bio: string | null; provider_website: string | null; provider_phone: string | null; provider_experience_years: number | null; ... 13 more ...; role: string | null; }'.
lib/profile/profile-completion-service.ts(150,19): error TS2339: Property 'portfolio_url' does not exist on type '{ id: string; is_provider: boolean | null; provider_status: string | null; provider_bio: string | null; provider_website: string | null; provider_phone: string | null; provider_experience_years: number | null; ... 13 more ...; role: string | null; }'.
lib/profile/profile-completion-service.ts(151,20): error TS2339: Property 'portfolio_url' does not exist on type '{ id: string; is_provider: boolean | null; provider_status: string | null; provider_bio: string | null; provider_website: string | null; provider_phone: string | null; provider_experience_years: number | null; ... 13 more ...; role: string | null; }'.
lib/proposals/proposal-service.ts(9,49): error TS2339: Property 'gig_responses' does not exist on type '{ profiles: { Row: { id: string; is_provider: boolean | null; provider_status: string | null; provider_bio: string | null; provider_website: string | null; provider_phone: string | null; ... 14 more ...; role: string | null; }; Insert: { ...; }; Update: { ...; }; }; ... 7 more ...; portfolio_media: { ...; }; }'.
lib/proposals/proposal-service.ts(10,54): error TS2339: Property 'proposal_templates' does not exist on type '{ profiles: { Row: { id: string; is_provider: boolean | null; provider_status: string | null; provider_bio: string | null; provider_website: string | null; provider_phone: string | null; ... 14 more ...; role: string | null; }; Insert: { ...; }; Update: { ...; }; }; ... 7 more ...; portfolio_media: { ...; }; }'.
lib/proposals/proposal-service.ts(11,50): error TS2339: Property 'conversations' does not exist on type '{ profiles: { Row: { id: string; is_provider: boolean | null; provider_status: string | null; provider_bio: string | null; provider_website: string | null; provider_phone: string | null; ... 14 more ...; role: string | null; }; Insert: { ...; }; Update: { ...; }; }; ... 7 more ...; portfolio_media: { ...; }; }'.
lib/proposals/proposal-service.ts(12,45): error TS2339: Property 'messages' does not exist on type '{ profiles: { Row: { id: string; is_provider: boolean | null; provider_status: string | null; provider_bio: string | null; provider_website: string | null; provider_phone: string | null; ... 14 more ...; role: string | null; }; Insert: { ...; }; Update: { ...; }; }; ... 7 more ...; portfolio_media: { ...; }; }'.
lib/proposals/proposal-service.ts(13,49): error TS2339: Property 'negotiations' does not exist on type '{ profiles: { Row: { id: string; is_provider: boolean | null; provider_status: string | null; provider_bio: string | null; provider_website: string | null; provider_phone: string | null; ... 14 more ...; role: string | null; }; Insert: { ...; }; Update: { ...; }; }; ... 7 more ...; portfolio_media: { ...; }; }'.
lib/proposals/proposal-service.ts(88,85): error TS2769: No overload matches this call.
  Overload 1 of 2, '(values: never, options?: { count?: "exact" | "planned" | "estimated" | undefined; } | undefined): PostgrestFilterBuilder<{ PostgrestVersion: "12"; }, never, never, null, "gig_responses", never, "POST">', gave the following error.
    Argument of type '{ gig_id: string; responder_id: string; proposal_title: string; proposal_description: string; proposed_price: number; timeline_days: number; deliverables: string[]; terms_conditions: string | undefined; attachments: any[]; expires_at: string | undefined; status: string; created_at: string; }' is not assignable to parameter of type 'never'.
  Overload 2 of 2, '(values: never[], options?: { count?: "exact" | "planned" | "estimated" | undefined; defaultToNull?: boolean | undefined; } | undefined): PostgrestFilterBuilder<{ PostgrestVersion: "12"; }, never, never, null, "gig_responses", never, "POST">', gave the following error.
    Argument of type '{ gig_id: string; responder_id: string; proposal_title: string; proposal_description: string; proposed_price: number; timeline_days: number; deliverables: string[]; terms_conditions: string | undefined; attachments: any[]; expires_at: string | undefined; status: string; created_at: string; }' is not assignable to parameter of type 'never[]'.
      Type '{ gig_id: string; responder_id: string; proposal_title: string; proposal_description: string; proposed_price: number; timeline_days: number; deliverables: string[]; terms_conditions: string | undefined; attachments: any[]; expires_at: string | undefined; status: string; created_at: string; }' is missing the following properties from type 'never[]': length, pop, push, concat, and 35 more.
lib/proposals/proposal-service.ts(95,50): error TS2339: Property 'id' does not exist on type 'never'.
lib/proposals/proposal-service.ts(118,22): error TS2339: Property 'id' does not exist on type 'never'.
lib/proposals/proposal-service.ts(120,21): error TS2339: Property 'title' does not exist on type 'never'.
lib/proposals/proposal-service.ts(121,21): error TS2339: Property 'author_id' does not exist on type 'never'.
lib/proposals/proposal-service.ts(122,22): error TS2339: Property 'full_name' does not exist on type 'never'.
lib/proposals/proposal-service.ts(165,17): error TS2769: No overload matches this call.
  Overload 1 of 2, '(values: never, options?: { count?: "exact" | "planned" | "estimated" | undefined; } | undefined): PostgrestFilterBuilder<{ PostgrestVersion: "12"; }, never, never, null, "gig_responses", never, "POST">', gave the following error.
    Argument of type '{ gig_id: string; responder_id: string; proposal_title: string; proposal_description: string; proposed_price: number; timeline_days: number; deliverables: string[]; terms_conditions: string | undefined; ... 5 more ...; created_at: string; }' is not assignable to parameter of type 'never'.
  Overload 2 of 2, '(values: never[], options?: { count?: "exact" | "planned" | "estimated" | undefined; defaultToNull?: boolean | undefined; } | undefined): PostgrestFilterBuilder<{ PostgrestVersion: "12"; }, never, never, null, "gig_responses", never, "POST">', gave the following error.
    Argument of type '{ gig_id: string; responder_id: string; proposal_title: string; proposal_description: string; proposed_price: number; timeline_days: number; deliverables: string[]; terms_conditions: string | undefined; ... 5 more ...; created_at: string; }' is not assignable to parameter of type 'never[]'.
      Type '{ gig_id: string; responder_id: string; proposal_title: string; proposal_description: string; proposed_price: number; timeline_days: number; deliverables: string[]; terms_conditions: string | undefined; ... 5 more ...; created_at: string; }' is missing the following properties from type 'never[]': length, pop, push, concat, and 35 more.
lib/proposals/proposal-service.ts(174,63): error TS2339: Property 'id' does not exist on type 'never'.
lib/proposals/proposal-service.ts(191,17): error TS2345: Argument of type '{ status: string; updated_at: string; }' is not assignable to parameter of type 'never'.
lib/proposals/proposal-service.ts(212,19): error TS2345: Argument of type '{ status: string; updated_at: string; }' is not assignable to parameter of type 'never'.
lib/proposals/proposal-service.ts(216,30): error TS2339: Property 'gig_id' does not exist on type 'never'.
lib/proposals/proposal-service.ts(220,95): error TS2339: Property 'gig_id' does not exist on type 'never'.
lib/proposals/proposal-service.ts(226,24): error TS2339: Property 'gig_id' does not exist on type 'never'.
lib/proposals/proposal-service.ts(227,19): error TS2339: Property 'title' does not exist on type 'never'.
lib/proposals/proposal-service.ts(228,24): error TS2339: Property 'responder_id' does not exist on type 'never'.
lib/proposals/proposal-service.ts(229,30): error TS2339: Property 'full_name' does not exist on type 'never'.
lib/proposals/proposal-service.ts(254,17): error TS2345: Argument of type '{ status: string; message: string; updated_at: string; }' is not assignable to parameter of type 'never'.
lib/proposals/proposal-service.ts(275,95): error TS2339: Property 'gig_id' does not exist on type 'never'.
lib/proposals/proposal-service.ts(276,113): error TS2339: Property 'client_id' does not exist on type 'never'.
lib/proposals/proposal-service.ts(281,24): error TS2339: Property 'gig_id' does not exist on type 'never'.
lib/proposals/proposal-service.ts(282,19): error TS2339: Property 'title' does not exist on type 'never'.
lib/proposals/proposal-service.ts(283,24): error TS2339: Property 'responder_id' does not exist on type 'never'.
lib/proposals/proposal-service.ts(284,30): error TS2339: Property 'full_name' does not exist on type 'never'.
lib/proposals/proposal-service.ts(348,24): error TS2339: Property 'author_id' does not exist on type 'never'.
lib/proposals/proposal-service.ts(356,17): error TS2769: No overload matches this call.
  Overload 1 of 2, '(values: never, options?: { onConflict?: string | undefined; ignoreDuplicates?: boolean | undefined; count?: "exact" | "planned" | "estimated" | undefined; } | undefined): PostgrestFilterBuilder<{ ...; }, ... 5 more ..., "POST">', gave the following error.
    Argument of type '{ gig_id: string; client_id: any; provider_id: string; status: string; created_at: string; }' is not assignable to parameter of type 'never'.
  Overload 2 of 2, '(values: never[], options?: { onConflict?: string | undefined; ignoreDuplicates?: boolean | undefined; count?: "exact" | "planned" | "estimated" | undefined; defaultToNull?: boolean | undefined; } | undefined): PostgrestFilterBuilder<...>', gave the following error.
    Argument of type '{ gig_id: string; client_id: any; provider_id: string; status: string; created_at: string; }' is not assignable to parameter of type 'never[]'.
      Type '{ gig_id: string; client_id: any; provider_id: string; status: string; created_at: string; }' is missing the following properties from type 'never[]': length, pop, push, concat, and 35 more.
lib/proposals/proposal-service.ts(394,79): error TS2769: No overload matches this call.
  Overload 1 of 2, '(values: never, options?: { count?: "exact" | "planned" | "estimated" | undefined; } | undefined): PostgrestFilterBuilder<{ PostgrestVersion: "12"; }, never, never, null, "messages", never, "POST">', gave the following error.
    Argument of type '{ conversation_id: string; sender_id: string; content: string; message_type: "image" | "text" | "file" | "system" | "proposal"; attachments: any[]; created_at: string; }' is not assignable to parameter of type 'never'.
  Overload 2 of 2, '(values: never[], options?: { count?: "exact" | "planned" | "estimated" | undefined; defaultToNull?: boolean | undefined; } | undefined): PostgrestFilterBuilder<{ PostgrestVersion: "12"; }, never, never, null, "messages", never, "POST">', gave the following error.
    Argument of type '{ conversation_id: string; sender_id: string; content: string; message_type: "image" | "text" | "file" | "system" | "proposal"; attachments: any[]; created_at: string; }' is not assignable to parameter of type 'never[]'.
      Type '{ conversation_id: string; sender_id: string; content: string; message_type: "image" | "text" | "file" | "system" | "proposal"; attachments: any[]; created_at: string; }' is missing the following properties from type 'never[]': length, pop, push, concat, and 35 more.
lib/proposals/proposal-service.ts(404,17): error TS2345: Argument of type '{ last_message_at: string; }' is not assignable to parameter of type 'never'.
lib/proposals/proposal-service.ts(498,10): error TS2769: No overload matches this call.
  Overload 1 of 2, '(values: never, options?: { count?: "exact" | "planned" | "estimated" | undefined; } | undefined): PostgrestFilterBuilder<{ PostgrestVersion: "12"; }, never, never, null, "proposal_templates", never, "POST">', gave the following error.
    Argument of type '{ created_at: string; name: string; title: string; description: string; deliverables: string[]; terms_conditions?: string; category_id?: string; is_default?: boolean; provider_id: string; }' is not assignable to parameter of type 'never'.
  Overload 2 of 2, '(values: never[], options?: { count?: "exact" | "planned" | "estimated" | undefined; defaultToNull?: boolean | undefined; } | undefined): PostgrestFilterBuilder<{ PostgrestVersion: "12"; }, never, never, null, "proposal_templates", never, "POST">', gave the following error.
    Object literal may only specify known properties, and 'created_at' does not exist in type 'never[]'.
lib/realtime/realtime-service.ts(7,50): error TS2339: Property 'user_presence' does not exist on type '{ profiles: { Row: { id: string; is_provider: boolean | null; provider_status: string | null; provider_bio: string | null; provider_website: string | null; provider_phone: string | null; ... 14 more ...; role: string | null; }; Insert: { ...; }; Update: { ...; }; }; ... 7 more ...; portfolio_media: { ...; }; }'.
lib/realtime/realtime-service.ts(8,58): error TS2339: Property 'realtime_notifications' does not exist on type '{ profiles: { Row: { id: string; is_provider: boolean | null; provider_status: string | null; provider_bio: string | null; provider_website: string | null; provider_phone: string | null; ... 14 more ...; role: string | null; }; Insert: { ...; }; Update: { ...; }; }; ... 7 more ...; portfolio_media: { ...; }; }'.
lib/realtime/realtime-service.ts(9,45): error TS2339: Property 'messages' does not exist on type '{ profiles: { Row: { id: string; is_provider: boolean | null; provider_status: string | null; provider_bio: string | null; provider_website: string | null; provider_phone: string | null; ... 14 more ...; role: string | null; }; Insert: { ...; }; Update: { ...; }; }; ... 7 more ...; portfolio_media: { ...; }; }'.
lib/realtime/realtime-service.ts(10,50): error TS2339: Property 'conversations' does not exist on type '{ profiles: { Row: { id: string; is_provider: boolean | null; provider_status: string | null; provider_bio: string | null; provider_website: string | null; provider_phone: string | null; ... 14 more ...; role: string | null; }; Insert: { ...; }; Update: { ...; }; }; ... 7 more ...; portfolio_media: { ...; }; }'.
lib/realtime/realtime-service.ts(55,32): error TS2352: Conversion of type '{ presence_ref: string; }[]' to type 'PresenceState[]' may be a mistake because neither type sufficiently overlaps with the other. If this was intentional, convert the expression to 'unknown' first.
  Type '{ presence_ref: string; }' is missing the following properties from type 'PresenceState': user_id, status, last_seen
lib/realtime/realtime-service.ts(116,68): error TS2345: Argument of type '{ target_user_id: string; new_status: "online" | "away" | "busy" | "offline"; page_info: string; device_data: { userAgent: string; platform: string; language: string; }; }' is not assignable to parameter of type 'undefined'.
lib/realtime/realtime-service.ts(285,17): error TS2345: Argument of type '{ typing_user_id: string | null; typing_started_at: string | null; }' is not assignable to parameter of type 'never'.
lib/realtime/realtime-service.ts(304,68): error TS2345: Argument of type '{ message_id: string; reader_user_id: string; }' is not assignable to parameter of type 'undefined'.
lib/recommendations/recommendation-notifications.ts(58,20): error TS2339: Property 'id' does not exist on type 'never'.
lib/recommendations/recommendation-notifications.ts(59,11): error TS2554: Expected 1 arguments, but got 3.
lib/recommendations/recommendation-notifications.ts(64,56): error TS2339: Property 'find' does not exist on type '{ recommendations: Recommendation[]; stats: RecommendationStats; }'.
lib/recommendations/recommendation-notifications.ts(64,62): error TS7006: Parameter 'rec' implicitly has an 'any' type.
lib/recommendations/recommendation-notifications.ts(69,34): error TS2339: Property 'id' does not exist on type 'never'.
lib/recommendations/recommendation-notifications.ts(70,36): error TS2339: Property 'name' does not exist on type 'never'.
lib/recommendations/recommendation-notifications.ts(71,37): error TS2339: Property 'email' does not exist on type 'never'.
lib/recommendations/recommendation-notifications.ts(110,33): error TS2339: Property 'createNotification' does not exist on type 'typeof NotificationService'.
lib/recommendations/recommendation-notifications.ts(127,33): error TS2339: Property 'sendPushNotification' does not exist on type 'typeof NotificationService'.
lib/recommendations/recommendation-notifications.ts(220,52): error TS2339: Property 'id' does not exist on type 'never'.
lib/recommendations/recommendation-notifications.ts(255,41): error TS2339: Property 'enable_recommendations' does not exist on type 'never'.
lib/recommendations/recommendation-notifications.ts(256,28): error TS2339: Property 'min_recommendation_score' does not exist on type 'never'.
lib/recommendations/recommendation-notifications.ts(257,29): error TS2339: Property 'max_notifications_per_day' does not exist on type 'never'.
lib/recommendations/recommendation-notifications.ts(258,37): error TS2339: Property 'preferred_notification_channels' does not exist on type 'never'.
lib/recommendations/recommendation-service.ts(71,47): error TS2339: Property 'category_id' does not exist on type 'never'.
lib/recommendations/recommendation-service.ts(72,49): error TS2339: Property 'id' does not exist on type 'never'.
lib/recommendations/recommendation-service.ts(120,64): error TS2339: Property 'name' does not exist on type 'never'.
lib/recommendations/recommendation-service.ts(131,60): error TS2345: Argument of type 'never[] | null' is not assignable to parameter of type 'any[]'.
  Type 'null' is not assignable to type 'any[]'.
lib/recommendations/recommendation-service.ts(134,21): error TS2339: Property 'id' does not exist on type 'never'.
lib/recommendations/recommendation-service.ts(135,24): error TS2339: Property 'title' does not exist on type 'never'.
lib/recommendations/recommendation-service.ts(136,30): error TS2339: Property 'description' does not exist on type 'never'.
lib/recommendations/recommendation-service.ts(137,27): error TS2339: Property 'categories' does not exist on type 'never'.
lib/recommendations/recommendation-service.ts(138,24): error TS2339: Property 'price' does not exist on type 'never'.
lib/recommendations/recommendation-service.ts(139,27): error TS2339: Property 'location' does not exist on type 'never'.
lib/recommendations/recommendation-service.ts(140,27): error TS2339: Property 'deadline' does not exist on type 'never'.
lib/recommendations/recommendation-service.ts(142,23): error TS2339: Property 'author_id' does not exist on type 'never'.
lib/recommendations/recommendation-service.ts(143,25): error TS2339: Property 'profiles' does not exist on type 'never'.
lib/recommendations/recommendation-service.ts(144,27): error TS2339: Property 'profiles' does not exist on type 'never'.
lib/recommendations/recommendation-service.ts(145,27): error TS2339: Property 'profiles' does not exist on type 'never'.
lib/recommendations/recommendation-service.ts(148,40): error TS2339: Property 'description' does not exist on type 'never'.
lib/recommendations/recommendation-service.ts(291,17): error TS2339: Property 'id' does not exist on type 'never'.
lib/recommendations/recommendation-service.ts(292,20): error TS2339: Property 'title' does not exist on type 'never'.
lib/recommendations/recommendation-service.ts(293,26): error TS2339: Property 'description' does not exist on type 'never'.
lib/recommendations/recommendation-service.ts(294,23): error TS2339: Property 'categories' does not exist on type 'never'.
lib/recommendations/recommendation-service.ts(295,20): error TS2339: Property 'price' does not exist on type 'never'.
lib/recommendations/recommendation-service.ts(296,23): error TS2339: Property 'location' does not exist on type 'never'.
lib/recommendations/recommendation-service.ts(297,23): error TS2339: Property 'deadline' does not exist on type 'never'.
lib/recommendations/recommendation-service.ts(299,19): error TS2339: Property 'profiles' does not exist on type 'never'.
lib/recommendations/recommendation-service.ts(300,21): error TS2339: Property 'profiles' does not exist on type 'never'.
lib/recommendations/recommendation-service.ts(301,23): error TS2339: Property 'profiles' does not exist on type 'never'.
lib/recommendations/recommendation-service.ts(302,23): error TS2339: Property 'profiles' does not exist on type 'never'.
lib/reviews/review-service.ts(6,44): error TS2339: Property 'reviews' does not exist on type '{ profiles: { Row: { id: string; is_provider: boolean | null; provider_status: string | null; provider_bio: string | null; provider_website: string | null; provider_phone: string | null; ... 14 more ...; role: string | null; }; Insert: { ...; }; Update: { ...; }; }; ... 7 more ...; portfolio_media: { ...; }; }'.
lib/reviews/review-service.ts(7,43): error TS2339: Property 'badges' does not exist on type '{ profiles: { Row: { id: string; is_provider: boolean | null; provider_status: string | null; provider_bio: string | null; provider_website: string | null; provider_phone: string | null; ... 14 more ...; role: string | null; }; Insert: { ...; }; Update: { ...; }; }; ... 7 more ...; portfolio_media: { ...; }; }'.
lib/reviews/review-service.ts(8,47): error TS2339: Property 'user_badges' does not exist on type '{ profiles: { Row: { id: string; is_provider: boolean | null; provider_status: string | null; provider_bio: string | null; provider_website: string | null; provider_phone: string | null; ... 14 more ...; role: string | null; }; Insert: { ...; }; Update: { ...; }; }; ... 7 more ...; portfolio_media: { ...; }; }'.
lib/reviews/review-service.ts(9,53): error TS2339: Property 'reputation_stats' does not exist on type '{ profiles: { Row: { id: string; is_provider: boolean | null; provider_status: string | null; provider_bio: string | null; provider_website: string | null; provider_phone: string | null; ... 14 more ...; role: string | null; }; Insert: { ...; }; Update: { ...; }; }; ... 7 more ...; portfolio_media: { ...; }; }'.
lib/reviews/review-service.ts(41,77): error TS2769: No overload matches this call.
  Overload 1 of 2, '(values: never, options?: { count?: "exact" | "planned" | "estimated" | undefined; } | undefined): PostgrestFilterBuilder<{ PostgrestVersion: "12"; }, never, never, null, "reviews", never, "POST">', gave the following error.
    Argument of type '{ reviewer_id: string; status: string; created_at: string; gig_id: string; payment_id?: string; reviewee_id: string; review_type: "client_to_provider" | "provider_to_client"; rating: number; ... 6 more ...; is_anonymous?: boolean; }' is not assignable to parameter of type 'never'.
  Overload 2 of 2, '(values: never[], options?: { count?: "exact" | "planned" | "estimated" | undefined; defaultToNull?: boolean | undefined; } | undefined): PostgrestFilterBuilder<{ PostgrestVersion: "12"; }, never, never, null, "reviews", never, "POST">', gave the following error.
    Argument of type '{ reviewer_id: string; status: string; created_at: string; gig_id: string; payment_id?: string; reviewee_id: string; review_type: "client_to_provider" | "provider_to_client"; rating: number; ... 6 more ...; is_anonymous?: boolean; }' is not assignable to parameter of type 'never[]'.
      Type '{ reviewer_id: string; status: string; created_at: string; gig_id: string; payment_id?: string | undefined; reviewee_id: string; review_type: "client_to_provider" | "provider_to_client"; ... 7 more ...; is_anonymous?: boolean | undefined; }' is missing the following properties from type 'never[]': length, pop, push, concat, and 35 more.
lib/reviews/review-service.ts(48,49): error TS2339: Property 'id' does not exist on type 'never'.
lib/reviews/review-service.ts(51,39): error TS2339: Property 'id' does not exist on type 'never'.
lib/reviews/review-service.ts(67,17): error TS2345: Argument of type '{ status: string; moderated_at: string; }' is not assignable to parameter of type 'never'.
lib/reviews/review-service.ts(182,57): error TS2339: Property 'badge_id' does not exist on type 'never'.
lib/reviews/review-service.ts(187,43): error TS2339: Property 'id' does not exist on type 'never'.
lib/reviews/review-service.ts(189,32): error TS2339: Property 'criteria' does not exist on type 'never'.
lib/reviews/review-service.ts(219,76): error TS2769: No overload matches this call.
  Overload 1 of 2, '(values: never, options?: { count?: "exact" | "planned" | "estimated" | undefined; } | undefined): PostgrestFilterBuilder<{ PostgrestVersion: "12"; }, never, never, null, "user_badges", never, "POST">', gave the following error.
    Argument of type '{ user_id: string; badge_id: any; earned_for: string; earned_at: string; }' is not assignable to parameter of type 'never'.
  Overload 2 of 2, '(values: never[], options?: { count?: "exact" | "planned" | "estimated" | undefined; defaultToNull?: boolean | undefined; } | undefined): PostgrestFilterBuilder<{ PostgrestVersion: "12"; }, never, never, null, "user_badges", never, "POST">', gave the following error.
    Object literal may only specify known properties, and 'user_id' does not exist in type 'never[]'.
lib/reviews/review-service.ts(221,29): error TS2339: Property 'id' does not exist on type 'never'.
lib/reviews/review-service.ts(228,56): error TS2339: Property 'name' does not exist on type 'never'.
lib/reviews/review-service.ts(250,63): error TS2769: No overload matches this call.
  Overload 1 of 2, '(values: never, options?: { count?: "exact" | "planned" | "estimated" | undefined; } | undefined): PostgrestFilterBuilder<{ PostgrestVersion: "12"; }, never, never, null, "review_reports", never, "POST">', gave the following error.
    Argument of type '{ review_id: string; reporter_id: string; reason: string; description: string | undefined; created_at: string; }' is not assignable to parameter of type 'never'.
  Overload 2 of 2, '(values: never[], options?: { count?: "exact" | "planned" | "estimated" | undefined; defaultToNull?: boolean | undefined; } | undefined): PostgrestFilterBuilder<{ PostgrestVersion: "12"; }, never, never, null, "review_reports", never, "POST">', gave the following error.
    Object literal may only specify known properties, and 'review_id' does not exist in type 'never[]'.
lib/reviews/review-service.ts(306,23): error TS2339: Property 'status' does not exist on type 'never'.
lib/stripe.ts(6,5): error TS2322: Type '"2024-06-20"' is not assignable to type '"2025-12-15.clover"'.
lib/supabase/client-fixed-final.ts(74,21): error TS2339: Property 'role' does not exist on type 'never'.
lib/supabase/index.ts(5,38): error TS2305: Module '"./server"' has no exported member 'supabase'.
lib/voice/text-to-speech-service.ts(37,11): error TS2531: Object is possibly 'null'.
lib/voice/text-to-speech-service.ts(40,9): error TS2531: Object is possibly 'null'.
lib/voice/text-to-speech-service.ts(147,7): error TS2531: Object is possibly 'null'.
